
AVRASM ver. 2.1.30  Y:\Task3\QuestionTwo\Code\Debug\List\Question2EnglishChar.asm Mon Dec 28 08:49:14 2020

Y:\Task3\QuestionTwo\Code\Debug\List\Question2EnglishChar.asm(1088): warning: Register r4 already defined by the .DEF directive
Y:\Task3\QuestionTwo\Code\Debug\List\Question2EnglishChar.asm(1089): warning: Register r5 already defined by the .DEF directive
Y:\Task3\QuestionTwo\Code\Debug\List\Question2EnglishChar.asm(1090): warning: Register r6 already defined by the .DEF directive
Y:\Task3\QuestionTwo\Code\Debug\List\Question2EnglishChar.asm(1091): warning: Register r7 already defined by the .DEF directive
Y:\Task3\QuestionTwo\Code\Debug\List\Question2EnglishChar.asm(1092): warning: Register r8 already defined by the .DEF directive
Y:\Task3\QuestionTwo\Code\Debug\List\Question2EnglishChar.asm(1093): warning: Register r9 already defined by the .DEF directive
Y:\Task3\QuestionTwo\Code\Debug\List\Question2EnglishChar.asm(1094): warning: Register r10 already defined by the .DEF directive
Y:\Task3\QuestionTwo\Code\Debug\List\Question2EnglishChar.asm(1095): warning: Register r11 already defined by the .DEF directive
Y:\Task3\QuestionTwo\Code\Debug\List\Question2EnglishChar.asm(1096): warning: Register r13 already defined by the .DEF directive
Y:\Task3\QuestionTwo\Code\Debug\List\Question2EnglishChar.asm(1097): warning: Register r12 already defined by the .DEF directive
                 
                 
                 ;CodeVisionAVR C Compiler V3.12 Advanced
                 ;(C) Copyright 1998-2014 Pavel Haiduc, HP InfoTech s.r.l.
                 ;http://www.hpinfotech.com
                 
                 ;Build configuration    : Debug
                 ;Chip type              : ATmega16
                 ;Program type           : Application
                 ;Clock frequency        : 8.000000 MHz
                 ;Memory model           : Small
                 ;Optimize for           : Size
                 ;(s)printf features     : int, width
                 ;(s)scanf features      : int, width
                 ;External RAM size      : 0
                 ;Data Stack size        : 256 byte(s)
                 ;Heap size              : 0 byte(s)
                 ;Promote 'char' to 'int': Yes
                 ;'char' is unsigned     : Yes
                 ;8 bit enums            : Yes
                 ;Global 'const' stored in FLASH: Yes
                 ;Enhanced function parameter passing: Yes
                 ;Enhanced core instructions: On
                 ;Automatic register allocation for global variables: On
                 ;Smart register allocation: On
                 
                 	#define _MODEL_SMALL_
                 
                 	#pragma AVRPART ADMIN PART_NAME ATmega16
                 	#pragma AVRPART MEMORY PROG_FLASH 16384
                 	#pragma AVRPART MEMORY EEPROM 512
                 	#pragma AVRPART MEMORY INT_SRAM SIZE 1024
                 	#pragma AVRPART MEMORY INT_SRAM START_ADDR 0x60
                 
                 	#define CALL_SUPPORTED 1
                 
                 	.LISTMAC
                 	.EQU UDRE=0x5
                 	.EQU RXC=0x7
                 	.EQU USR=0xB
                 	.EQU UDR=0xC
                 	.EQU SPSR=0xE
                 	.EQU SPDR=0xF
                 	.EQU EERE=0x0
                 	.EQU EEWE=0x1
                 	.EQU EEMWE=0x2
                 	.EQU EECR=0x1C
                 	.EQU EEDR=0x1D
                 	.EQU EEARL=0x1E
                 	.EQU EEARH=0x1F
                 	.EQU WDTCR=0x21
                 	.EQU MCUCR=0x35
                 	.EQU GICR=0x3B
                 	.EQU SPL=0x3D
                 	.EQU SPH=0x3E
                 	.EQU SREG=0x3F
                 
                 	.DEF R0X0=R0
                 	.DEF R0X1=R1
                 	.DEF R0X2=R2
                 	.DEF R0X3=R3
                 	.DEF R0X4=R4
                 	.DEF R0X5=R5
                 	.DEF R0X6=R6
                 	.DEF R0X7=R7
                 	.DEF R0X8=R8
                 	.DEF R0X9=R9
                 	.DEF R0XA=R10
                 	.DEF R0XB=R11
                 	.DEF R0XC=R12
                 	.DEF R0XD=R13
                 	.DEF R0XE=R14
                 	.DEF R0XF=R15
                 	.DEF R0X10=R16
                 	.DEF R0X11=R17
                 	.DEF R0X12=R18
                 	.DEF R0X13=R19
                 	.DEF R0X14=R20
                 	.DEF R0X15=R21
                 	.DEF R0X16=R22
                 	.DEF R0X17=R23
                 	.DEF R0X18=R24
                 	.DEF R0X19=R25
                 	.DEF R0X1A=R26
                 	.DEF R0X1B=R27
                 	.DEF R0X1C=R28
                 	.DEF R0X1D=R29
                 	.DEF R0X1E=R30
                 	.DEF R0X1F=R31
                 
                 	.EQU __SRAM_START=0x0060
                 	.EQU __SRAM_END=0x045F
                 	.EQU __DSTACK_SIZE=0x0100
                 	.EQU __HEAP_SIZE=0x0000
                 	.EQU __CLEAR_SRAM_SIZE=__SRAM_END-__SRAM_START+1
                 
                 	.MACRO __CPD1N
                 	CPI  R30,LOW(@0)
                 	LDI  R26,HIGH(@0)
                 	CPC  R31,R26
                 	LDI  R26,BYTE3(@0)
                 	CPC  R22,R26
                 	LDI  R26,BYTE4(@0)
                 	CPC  R23,R26
                 	.ENDM
                 
                 	.MACRO __CPD2N
                 	CPI  R26,LOW(@0)
                 	LDI  R30,HIGH(@0)
                 	CPC  R27,R30
                 	LDI  R30,BYTE3(@0)
                 	CPC  R24,R30
                 	LDI  R30,BYTE4(@0)
                 	CPC  R25,R30
                 	.ENDM
                 
                 	.MACRO __CPWRR
                 	CP   R@0,R@2
                 	CPC  R@1,R@3
                 	.ENDM
                 
                 	.MACRO __CPWRN
                 	CPI  R@0,LOW(@2)
                 	LDI  R30,HIGH(@2)
                 	CPC  R@1,R30
                 	.ENDM
                 
                 	.MACRO __ADDB1MN
                 	SUBI R30,LOW(-@0-(@1))
                 	.ENDM
                 
                 	.MACRO __ADDB2MN
                 	SUBI R26,LOW(-@0-(@1))
                 	.ENDM
                 
                 	.MACRO __ADDW1MN
                 	SUBI R30,LOW(-@0-(@1))
                 	SBCI R31,HIGH(-@0-(@1))
                 	.ENDM
                 
                 	.MACRO __ADDW2MN
                 	SUBI R26,LOW(-@0-(@1))
                 	SBCI R27,HIGH(-@0-(@1))
                 	.ENDM
                 
                 	.MACRO __ADDW1FN
                 	SUBI R30,LOW(-2*@0-(@1))
                 	SBCI R31,HIGH(-2*@0-(@1))
                 	.ENDM
                 
                 	.MACRO __ADDD1FN
                 	SUBI R30,LOW(-2*@0-(@1))
                 	SBCI R31,HIGH(-2*@0-(@1))
                 	SBCI R22,BYTE3(-2*@0-(@1))
                 	.ENDM
                 
                 	.MACRO __ADDD1N
                 	SUBI R30,LOW(-@0)
                 	SBCI R31,HIGH(-@0)
                 	SBCI R22,BYTE3(-@0)
                 	SBCI R23,BYTE4(-@0)
                 	.ENDM
                 
                 	.MACRO __ADDD2N
                 	SUBI R26,LOW(-@0)
                 	SBCI R27,HIGH(-@0)
                 	SBCI R24,BYTE3(-@0)
                 	SBCI R25,BYTE4(-@0)
                 	.ENDM
                 
                 	.MACRO __SUBD1N
                 	SUBI R30,LOW(@0)
                 	SBCI R31,HIGH(@0)
                 	SBCI R22,BYTE3(@0)
                 	SBCI R23,BYTE4(@0)
                 	.ENDM
                 
                 	.MACRO __SUBD2N
                 	SUBI R26,LOW(@0)
                 	SBCI R27,HIGH(@0)
                 	SBCI R24,BYTE3(@0)
                 	SBCI R25,BYTE4(@0)
                 	.ENDM
                 
                 	.MACRO __ANDBMNN
                 	LDS  R30,@0+(@1)
                 	ANDI R30,LOW(@2)
                 	STS  @0+(@1),R30
                 	.ENDM
                 
                 	.MACRO __ANDWMNN
                 	LDS  R30,@0+(@1)
                 	ANDI R30,LOW(@2)
                 	STS  @0+(@1),R30
                 	LDS  R30,@0+(@1)+1
                 	ANDI R30,HIGH(@2)
                 	STS  @0+(@1)+1,R30
                 	.ENDM
                 
                 	.MACRO __ANDD1N
                 	ANDI R30,LOW(@0)
                 	ANDI R31,HIGH(@0)
                 	ANDI R22,BYTE3(@0)
                 	ANDI R23,BYTE4(@0)
                 	.ENDM
                 
                 	.MACRO __ANDD2N
                 	ANDI R26,LOW(@0)
                 	ANDI R27,HIGH(@0)
                 	ANDI R24,BYTE3(@0)
                 	ANDI R25,BYTE4(@0)
                 	.ENDM
                 
                 	.MACRO __ORBMNN
                 	LDS  R30,@0+(@1)
                 	ORI  R30,LOW(@2)
                 	STS  @0+(@1),R30
                 	.ENDM
                 
                 	.MACRO __ORWMNN
                 	LDS  R30,@0+(@1)
                 	ORI  R30,LOW(@2)
                 	STS  @0+(@1),R30
                 	LDS  R30,@0+(@1)+1
                 	ORI  R30,HIGH(@2)
                 	STS  @0+(@1)+1,R30
                 	.ENDM
                 
                 	.MACRO __ORD1N
                 	ORI  R30,LOW(@0)
                 	ORI  R31,HIGH(@0)
                 	ORI  R22,BYTE3(@0)
                 	ORI  R23,BYTE4(@0)
                 	.ENDM
                 
                 	.MACRO __ORD2N
                 	ORI  R26,LOW(@0)
                 	ORI  R27,HIGH(@0)
                 	ORI  R24,BYTE3(@0)
                 	ORI  R25,BYTE4(@0)
                 	.ENDM
                 
                 	.MACRO __DELAY_USB
                 	LDI  R24,LOW(@0)
                 __DELAY_USB_LOOP:
                 	DEC  R24
                 	BRNE __DELAY_USB_LOOP
                 	.ENDM
                 
                 	.MACRO __DELAY_USW
                 	LDI  R24,LOW(@0)
                 	LDI  R25,HIGH(@0)
                 __DELAY_USW_LOOP:
                 	SBIW R24,1
                 	BRNE __DELAY_USW_LOOP
                 	.ENDM
                 
                 	.MACRO __GETD1S
                 	LDD  R30,Y+@0
                 	LDD  R31,Y+@0+1
                 	LDD  R22,Y+@0+2
                 	LDD  R23,Y+@0+3
                 	.ENDM
                 
                 	.MACRO __GETD2S
                 	LDD  R26,Y+@0
                 	LDD  R27,Y+@0+1
                 	LDD  R24,Y+@0+2
                 	LDD  R25,Y+@0+3
                 	.ENDM
                 
                 	.MACRO __PUTD1S
                 	STD  Y+@0,R30
                 	STD  Y+@0+1,R31
                 	STD  Y+@0+2,R22
                 	STD  Y+@0+3,R23
                 	.ENDM
                 
                 	.MACRO __PUTD2S
                 	STD  Y+@0,R26
                 	STD  Y+@0+1,R27
                 	STD  Y+@0+2,R24
                 	STD  Y+@0+3,R25
                 	.ENDM
                 
                 	.MACRO __PUTDZ2
                 	STD  Z+@0,R26
                 	STD  Z+@0+1,R27
                 	STD  Z+@0+2,R24
                 	STD  Z+@0+3,R25
                 	.ENDM
                 
                 	.MACRO __CLRD1S
                 	STD  Y+@0,R30
                 	STD  Y+@0+1,R30
                 	STD  Y+@0+2,R30
                 	STD  Y+@0+3,R30
                 	.ENDM
                 
                 	.MACRO __POINTB1MN
                 	LDI  R30,LOW(@0+(@1))
                 	.ENDM
                 
                 	.MACRO __POINTW1MN
                 	LDI  R30,LOW(@0+(@1))
                 	LDI  R31,HIGH(@0+(@1))
                 	.ENDM
                 
                 	.MACRO __POINTD1M
                 	LDI  R30,LOW(@0)
                 	LDI  R31,HIGH(@0)
                 	LDI  R22,BYTE3(@0)
                 	LDI  R23,BYTE4(@0)
                 	.ENDM
                 
                 	.MACRO __POINTW1FN
                 	LDI  R30,LOW(2*@0+(@1))
                 	LDI  R31,HIGH(2*@0+(@1))
                 	.ENDM
                 
                 	.MACRO __POINTD1FN
                 	LDI  R30,LOW(2*@0+(@1))
                 	LDI  R31,HIGH(2*@0+(@1))
                 	LDI  R22,BYTE3(2*@0+(@1))
                 	LDI  R23,BYTE4(2*@0+(@1))
                 	.ENDM
                 
                 	.MACRO __POINTB2MN
                 	LDI  R26,LOW(@0+(@1))
                 	.ENDM
                 
                 	.MACRO __POINTW2MN
                 	LDI  R26,LOW(@0+(@1))
                 	LDI  R27,HIGH(@0+(@1))
                 	.ENDM
                 
                 	.MACRO __POINTW2FN
                 	LDI  R26,LOW(2*@0+(@1))
                 	LDI  R27,HIGH(2*@0+(@1))
                 	.ENDM
                 
                 	.MACRO __POINTD2FN
                 	LDI  R26,LOW(2*@0+(@1))
                 	LDI  R27,HIGH(2*@0+(@1))
                 	LDI  R24,BYTE3(2*@0+(@1))
                 	LDI  R25,BYTE4(2*@0+(@1))
                 	.ENDM
                 
                 	.MACRO __POINTBRM
                 	LDI  R@0,LOW(@1)
                 	.ENDM
                 
                 	.MACRO __POINTWRM
                 	LDI  R@0,LOW(@2)
                 	LDI  R@1,HIGH(@2)
                 	.ENDM
                 
                 	.MACRO __POINTBRMN
                 	LDI  R@0,LOW(@1+(@2))
                 	.ENDM
                 
                 	.MACRO __POINTWRMN
                 	LDI  R@0,LOW(@2+(@3))
                 	LDI  R@1,HIGH(@2+(@3))
                 	.ENDM
                 
                 	.MACRO __POINTWRFN
                 	LDI  R@0,LOW(@2*2+(@3))
                 	LDI  R@1,HIGH(@2*2+(@3))
                 	.ENDM
                 
                 	.MACRO __GETD1N
                 	LDI  R30,LOW(@0)
                 	LDI  R31,HIGH(@0)
                 	LDI  R22,BYTE3(@0)
                 	LDI  R23,BYTE4(@0)
                 	.ENDM
                 
                 	.MACRO __GETD2N
                 	LDI  R26,LOW(@0)
                 	LDI  R27,HIGH(@0)
                 	LDI  R24,BYTE3(@0)
                 	LDI  R25,BYTE4(@0)
                 	.ENDM
                 
                 	.MACRO __GETB1MN
                 	LDS  R30,@0+(@1)
                 	.ENDM
                 
                 	.MACRO __GETB1HMN
                 	LDS  R31,@0+(@1)
                 	.ENDM
                 
                 	.MACRO __GETW1MN
                 	LDS  R30,@0+(@1)
                 	LDS  R31,@0+(@1)+1
                 	.ENDM
                 
                 	.MACRO __GETD1MN
                 	LDS  R30,@0+(@1)
                 	LDS  R31,@0+(@1)+1
                 	LDS  R22,@0+(@1)+2
                 	LDS  R23,@0+(@1)+3
                 	.ENDM
                 
                 	.MACRO __GETBRMN
                 	LDS  R@0,@1+(@2)
                 	.ENDM
                 
                 	.MACRO __GETWRMN
                 	LDS  R@0,@2+(@3)
                 	LDS  R@1,@2+(@3)+1
                 	.ENDM
                 
                 	.MACRO __GETWRZ
                 	LDD  R@0,Z+@2
                 	LDD  R@1,Z+@2+1
                 	.ENDM
                 
                 	.MACRO __GETD2Z
                 	LDD  R26,Z+@0
                 	LDD  R27,Z+@0+1
                 	LDD  R24,Z+@0+2
                 	LDD  R25,Z+@0+3
                 	.ENDM
                 
                 	.MACRO __GETB2MN
                 	LDS  R26,@0+(@1)
                 	.ENDM
                 
                 	.MACRO __GETW2MN
                 	LDS  R26,@0+(@1)
                 	LDS  R27,@0+(@1)+1
                 	.ENDM
                 
                 	.MACRO __GETD2MN
                 	LDS  R26,@0+(@1)
                 	LDS  R27,@0+(@1)+1
                 	LDS  R24,@0+(@1)+2
                 	LDS  R25,@0+(@1)+3
                 	.ENDM
                 
                 	.MACRO __PUTB1MN
                 	STS  @0+(@1),R30
                 	.ENDM
                 
                 	.MACRO __PUTW1MN
                 	STS  @0+(@1),R30
                 	STS  @0+(@1)+1,R31
                 	.ENDM
                 
                 	.MACRO __PUTD1MN
                 	STS  @0+(@1),R30
                 	STS  @0+(@1)+1,R31
                 	STS  @0+(@1)+2,R22
                 	STS  @0+(@1)+3,R23
                 	.ENDM
                 
                 	.MACRO __PUTB1EN
                 	LDI  R26,LOW(@0+(@1))
                 	LDI  R27,HIGH(@0+(@1))
                 	CALL __EEPROMWRB
                 	.ENDM
                 
                 	.MACRO __PUTW1EN
                 	LDI  R26,LOW(@0+(@1))
                 	LDI  R27,HIGH(@0+(@1))
                 	CALL __EEPROMWRW
                 	.ENDM
                 
                 	.MACRO __PUTD1EN
                 	LDI  R26,LOW(@0+(@1))
                 	LDI  R27,HIGH(@0+(@1))
                 	CALL __EEPROMWRD
                 	.ENDM
                 
                 	.MACRO __PUTBR0MN
                 	STS  @0+(@1),R0
                 	.ENDM
                 
                 	.MACRO __PUTBMRN
                 	STS  @0+(@1),R@2
                 	.ENDM
                 
                 	.MACRO __PUTWMRN
                 	STS  @0+(@1),R@2
                 	STS  @0+(@1)+1,R@3
                 	.ENDM
                 
                 	.MACRO __PUTBZR
                 	STD  Z+@1,R@0
                 	.ENDM
                 
                 	.MACRO __PUTWZR
                 	STD  Z+@2,R@0
                 	STD  Z+@2+1,R@1
                 	.ENDM
                 
                 	.MACRO __GETW1R
                 	MOV  R30,R@0
                 	MOV  R31,R@1
                 	.ENDM
                 
                 	.MACRO __GETW2R
                 	MOV  R26,R@0
                 	MOV  R27,R@1
                 	.ENDM
                 
                 	.MACRO __GETWRN
                 	LDI  R@0,LOW(@2)
                 	LDI  R@1,HIGH(@2)
                 	.ENDM
                 
                 	.MACRO __PUTW1R
                 	MOV  R@0,R30
                 	MOV  R@1,R31
                 	.ENDM
                 
                 	.MACRO __PUTW2R
                 	MOV  R@0,R26
                 	MOV  R@1,R27
                 	.ENDM
                 
                 	.MACRO __ADDWRN
                 	SUBI R@0,LOW(-@2)
                 	SBCI R@1,HIGH(-@2)
                 	.ENDM
                 
                 	.MACRO __ADDWRR
                 	ADD  R@0,R@2
                 	ADC  R@1,R@3
                 	.ENDM
                 
                 	.MACRO __SUBWRN
                 	SUBI R@0,LOW(@2)
                 	SBCI R@1,HIGH(@2)
                 	.ENDM
                 
                 	.MACRO __SUBWRR
                 	SUB  R@0,R@2
                 	SBC  R@1,R@3
                 	.ENDM
                 
                 	.MACRO __ANDWRN
                 	ANDI R@0,LOW(@2)
                 	ANDI R@1,HIGH(@2)
                 	.ENDM
                 
                 	.MACRO __ANDWRR
                 	AND  R@0,R@2
                 	AND  R@1,R@3
                 	.ENDM
                 
                 	.MACRO __ORWRN
                 	ORI  R@0,LOW(@2)
                 	ORI  R@1,HIGH(@2)
                 	.ENDM
                 
                 	.MACRO __ORWRR
                 	OR   R@0,R@2
                 	OR   R@1,R@3
                 	.ENDM
                 
                 	.MACRO __EORWRR
                 	EOR  R@0,R@2
                 	EOR  R@1,R@3
                 	.ENDM
                 
                 	.MACRO __GETWRS
                 	LDD  R@0,Y+@2
                 	LDD  R@1,Y+@2+1
                 	.ENDM
                 
                 	.MACRO __PUTBSR
                 	STD  Y+@1,R@0
                 	.ENDM
                 
                 	.MACRO __PUTWSR
                 	STD  Y+@2,R@0
                 	STD  Y+@2+1,R@1
                 	.ENDM
                 
                 	.MACRO __MOVEWRR
                 	MOV  R@0,R@2
                 	MOV  R@1,R@3
                 	.ENDM
                 
                 	.MACRO __INWR
                 	IN   R@0,@2
                 	IN   R@1,@2+1
                 	.ENDM
                 
                 	.MACRO __OUTWR
                 	OUT  @2+1,R@1
                 	OUT  @2,R@0
                 	.ENDM
                 
                 	.MACRO __CALL1MN
                 	LDS  R30,@0+(@1)
                 	LDS  R31,@0+(@1)+1
                 	ICALL
                 	.ENDM
                 
                 	.MACRO __CALL1FN
                 	LDI  R30,LOW(2*@0+(@1))
                 	LDI  R31,HIGH(2*@0+(@1))
                 	CALL __GETW1PF
                 	ICALL
                 	.ENDM
                 
                 	.MACRO __CALL2EN
                 	PUSH R26
                 	PUSH R27
                 	LDI  R26,LOW(@0+(@1))
                 	LDI  R27,HIGH(@0+(@1))
                 	CALL __EEPROMRDW
                 	POP  R27
                 	POP  R26
                 	ICALL
                 	.ENDM
                 
                 	.MACRO __CALL2EX
                 	SUBI R26,LOW(-@0)
                 	SBCI R27,HIGH(-@0)
                 	CALL __EEPROMRDD
                 	ICALL
                 	.ENDM
                 
                 	.MACRO __GETW1STACK
                 	IN   R30,SPL
                 	IN   R31,SPH
                 	ADIW R30,@0+1
                 	LD   R0,Z+
                 	LD   R31,Z
                 	MOV  R30,R0
                 	.ENDM
                 
                 	.MACRO __GETD1STACK
                 	IN   R30,SPL
                 	IN   R31,SPH
                 	ADIW R30,@0+1
                 	LD   R0,Z+
                 	LD   R1,Z+
                 	LD   R22,Z
                 	MOVW R30,R0
                 	.ENDM
                 
                 	.MACRO __NBST
                 	BST  R@0,@1
                 	IN   R30,SREG
                 	LDI  R31,0x40
                 	EOR  R30,R31
                 	OUT  SREG,R30
                 	.ENDM
                 
                 
                 	.MACRO __PUTB1SN
                 	LDD  R26,Y+@0
                 	LDD  R27,Y+@0+1
                 	SUBI R26,LOW(-@1)
                 	SBCI R27,HIGH(-@1)
                 	ST   X,R30
                 	.ENDM
                 
                 	.MACRO __PUTW1SN
                 	LDD  R26,Y+@0
                 	LDD  R27,Y+@0+1
                 	SUBI R26,LOW(-@1)
                 	SBCI R27,HIGH(-@1)
                 	ST   X+,R30
                 	ST   X,R31
                 	.ENDM
                 
                 	.MACRO __PUTD1SN
                 	LDD  R26,Y+@0
                 	LDD  R27,Y+@0+1
                 	SUBI R26,LOW(-@1)
                 	SBCI R27,HIGH(-@1)
                 	CALL __PUTDP1
                 	.ENDM
                 
                 	.MACRO __PUTB1SNS
                 	LDD  R26,Y+@0
                 	LDD  R27,Y+@0+1
                 	ADIW R26,@1
                 	ST   X,R30
                 	.ENDM
                 
                 	.MACRO __PUTW1SNS
                 	LDD  R26,Y+@0
                 	LDD  R27,Y+@0+1
                 	ADIW R26,@1
                 	ST   X+,R30
                 	ST   X,R31
                 	.ENDM
                 
                 	.MACRO __PUTD1SNS
                 	LDD  R26,Y+@0
                 	LDD  R27,Y+@0+1
                 	ADIW R26,@1
                 	CALL __PUTDP1
                 	.ENDM
                 
                 	.MACRO __PUTB1PMN
                 	LDS  R26,@0
                 	LDS  R27,@0+1
                 	SUBI R26,LOW(-@1)
                 	SBCI R27,HIGH(-@1)
                 	ST   X,R30
                 	.ENDM
                 
                 	.MACRO __PUTW1PMN
                 	LDS  R26,@0
                 	LDS  R27,@0+1
                 	SUBI R26,LOW(-@1)
                 	SBCI R27,HIGH(-@1)
                 	ST   X+,R30
                 	ST   X,R31
                 	.ENDM
                 
                 	.MACRO __PUTD1PMN
                 	LDS  R26,@0
                 	LDS  R27,@0+1
                 	SUBI R26,LOW(-@1)
                 	SBCI R27,HIGH(-@1)
                 	CALL __PUTDP1
                 	.ENDM
                 
                 	.MACRO __PUTB1PMNS
                 	LDS  R26,@0
                 	LDS  R27,@0+1
                 	ADIW R26,@1
                 	ST   X,R30
                 	.ENDM
                 
                 	.MACRO __PUTW1PMNS
                 	LDS  R26,@0
                 	LDS  R27,@0+1
                 	ADIW R26,@1
                 	ST   X+,R30
                 	ST   X,R31
                 	.ENDM
                 
                 	.MACRO __PUTD1PMNS
                 	LDS  R26,@0
                 	LDS  R27,@0+1
                 	ADIW R26,@1
                 	CALL __PUTDP1
                 	.ENDM
                 
                 	.MACRO __PUTB1RN
                 	MOVW R26,R@0
                 	SUBI R26,LOW(-@1)
                 	SBCI R27,HIGH(-@1)
                 	ST   X,R30
                 	.ENDM
                 
                 	.MACRO __PUTW1RN
                 	MOVW R26,R@0
                 	SUBI R26,LOW(-@1)
                 	SBCI R27,HIGH(-@1)
                 	ST   X+,R30
                 	ST   X,R31
                 	.ENDM
                 
                 	.MACRO __PUTD1RN
                 	MOVW R26,R@0
                 	SUBI R26,LOW(-@1)
                 	SBCI R27,HIGH(-@1)
                 	CALL __PUTDP1
                 	.ENDM
                 
                 	.MACRO __PUTB1RNS
                 	MOVW R26,R@0
                 	ADIW R26,@1
                 	ST   X,R30
                 	.ENDM
                 
                 	.MACRO __PUTW1RNS
                 	MOVW R26,R@0
                 	ADIW R26,@1
                 	ST   X+,R30
                 	ST   X,R31
                 	.ENDM
                 
                 	.MACRO __PUTD1RNS
                 	MOVW R26,R@0
                 	ADIW R26,@1
                 	CALL __PUTDP1
                 	.ENDM
                 
                 	.MACRO __PUTB1RON
                 	MOV  R26,R@0
                 	MOV  R27,R@1
                 	SUBI R26,LOW(-@2)
                 	SBCI R27,HIGH(-@2)
                 	ST   X,R30
                 	.ENDM
                 
                 	.MACRO __PUTW1RON
                 	MOV  R26,R@0
                 	MOV  R27,R@1
                 	SUBI R26,LOW(-@2)
                 	SBCI R27,HIGH(-@2)
                 	ST   X+,R30
                 	ST   X,R31
                 	.ENDM
                 
                 	.MACRO __PUTD1RON
                 	MOV  R26,R@0
                 	MOV  R27,R@1
                 	SUBI R26,LOW(-@2)
                 	SBCI R27,HIGH(-@2)
                 	CALL __PUTDP1
                 	.ENDM
                 
                 	.MACRO __PUTB1RONS
                 	MOV  R26,R@0
                 	MOV  R27,R@1
                 	ADIW R26,@2
                 	ST   X,R30
                 	.ENDM
                 
                 	.MACRO __PUTW1RONS
                 	MOV  R26,R@0
                 	MOV  R27,R@1
                 	ADIW R26,@2
                 	ST   X+,R30
                 	ST   X,R31
                 	.ENDM
                 
                 	.MACRO __PUTD1RONS
                 	MOV  R26,R@0
                 	MOV  R27,R@1
                 	ADIW R26,@2
                 	CALL __PUTDP1
                 	.ENDM
                 
                 
                 	.MACRO __GETB1SX
                 	MOVW R30,R28
                 	SUBI R30,LOW(-@0)
                 	SBCI R31,HIGH(-@0)
                 	LD   R30,Z
                 	.ENDM
                 
                 	.MACRO __GETB1HSX
                 	MOVW R30,R28
                 	SUBI R30,LOW(-@0)
                 	SBCI R31,HIGH(-@0)
                 	LD   R31,Z
                 	.ENDM
                 
                 	.MACRO __GETW1SX
                 	MOVW R30,R28
                 	SUBI R30,LOW(-@0)
                 	SBCI R31,HIGH(-@0)
                 	LD   R0,Z+
                 	LD   R31,Z
                 	MOV  R30,R0
                 	.ENDM
                 
                 	.MACRO __GETD1SX
                 	MOVW R30,R28
                 	SUBI R30,LOW(-@0)
                 	SBCI R31,HIGH(-@0)
                 	LD   R0,Z+
                 	LD   R1,Z+
                 	LD   R22,Z+
                 	LD   R23,Z
                 	MOVW R30,R0
                 	.ENDM
                 
                 	.MACRO __GETB2SX
                 	MOVW R26,R28
                 	SUBI R26,LOW(-@0)
                 	SBCI R27,HIGH(-@0)
                 	LD   R26,X
                 	.ENDM
                 
                 	.MACRO __GETW2SX
                 	MOVW R26,R28
                 	SUBI R26,LOW(-@0)
                 	SBCI R27,HIGH(-@0)
                 	LD   R0,X+
                 	LD   R27,X
                 	MOV  R26,R0
                 	.ENDM
                 
                 	.MACRO __GETD2SX
                 	MOVW R26,R28
                 	SUBI R26,LOW(-@0)
                 	SBCI R27,HIGH(-@0)
                 	LD   R0,X+
                 	LD   R1,X+
                 	LD   R24,X+
                 	LD   R25,X
                 	MOVW R26,R0
                 	.ENDM
                 
                 	.MACRO __GETBRSX
                 	MOVW R30,R28
                 	SUBI R30,LOW(-@1)
                 	SBCI R31,HIGH(-@1)
                 	LD   R@0,Z
                 	.ENDM
                 
                 	.MACRO __GETWRSX
                 	MOVW R30,R28
                 	SUBI R30,LOW(-@2)
                 	SBCI R31,HIGH(-@2)
                 	LD   R@0,Z+
                 	LD   R@1,Z
                 	.ENDM
                 
                 	.MACRO __GETBRSX2
                 	MOVW R26,R28
                 	SUBI R26,LOW(-@1)
                 	SBCI R27,HIGH(-@1)
                 	LD   R@0,X
                 	.ENDM
                 
                 	.MACRO __GETWRSX2
                 	MOVW R26,R28
                 	SUBI R26,LOW(-@2)
                 	SBCI R27,HIGH(-@2)
                 	LD   R@0,X+
                 	LD   R@1,X
                 	.ENDM
                 
                 	.MACRO __LSLW8SX
                 	MOVW R30,R28
                 	SUBI R30,LOW(-@0)
                 	SBCI R31,HIGH(-@0)
                 	LD   R31,Z
                 	CLR  R30
                 	.ENDM
                 
                 	.MACRO __PUTB1SX
                 	MOVW R26,R28
                 	SUBI R26,LOW(-@0)
                 	SBCI R27,HIGH(-@0)
                 	ST   X,R30
                 	.ENDM
                 
                 	.MACRO __PUTW1SX
                 	MOVW R26,R28
                 	SUBI R26,LOW(-@0)
                 	SBCI R27,HIGH(-@0)
                 	ST   X+,R30
                 	ST   X,R31
                 	.ENDM
                 
                 	.MACRO __PUTD1SX
                 	MOVW R26,R28
                 	SUBI R26,LOW(-@0)
                 	SBCI R27,HIGH(-@0)
                 	ST   X+,R30
                 	ST   X+,R31
                 	ST   X+,R22
                 	ST   X,R23
                 	.ENDM
                 
                 	.MACRO __CLRW1SX
                 	MOVW R26,R28
                 	SUBI R26,LOW(-@0)
                 	SBCI R27,HIGH(-@0)
                 	ST   X+,R30
                 	ST   X,R30
                 	.ENDM
                 
                 	.MACRO __CLRD1SX
                 	MOVW R26,R28
                 	SUBI R26,LOW(-@0)
                 	SBCI R27,HIGH(-@0)
                 	ST   X+,R30
                 	ST   X+,R30
                 	ST   X+,R30
                 	ST   X,R30
                 	.ENDM
                 
                 	.MACRO __PUTB2SX
                 	MOVW R30,R28
                 	SUBI R30,LOW(-@0)
                 	SBCI R31,HIGH(-@0)
                 	ST   Z,R26
                 	.ENDM
                 
                 	.MACRO __PUTW2SX
                 	MOVW R30,R28
                 	SUBI R30,LOW(-@0)
                 	SBCI R31,HIGH(-@0)
                 	ST   Z+,R26
                 	ST   Z,R27
                 	.ENDM
                 
                 	.MACRO __PUTD2SX
                 	MOVW R30,R28
                 	SUBI R30,LOW(-@0)
                 	SBCI R31,HIGH(-@0)
                 	ST   Z+,R26
                 	ST   Z+,R27
                 	ST   Z+,R24
                 	ST   Z,R25
                 	.ENDM
                 
                 	.MACRO __PUTBSRX
                 	MOVW R30,R28
                 	SUBI R30,LOW(-@1)
                 	SBCI R31,HIGH(-@1)
                 	ST   Z,R@0
                 	.ENDM
                 
                 	.MACRO __PUTWSRX
                 	MOVW R30,R28
                 	SUBI R30,LOW(-@2)
                 	SBCI R31,HIGH(-@2)
                 	ST   Z+,R@0
                 	ST   Z,R@1
                 	.ENDM
                 
                 	.MACRO __PUTB1SNX
                 	MOVW R26,R28
                 	SUBI R26,LOW(-@0)
                 	SBCI R27,HIGH(-@0)
                 	LD   R0,X+
                 	LD   R27,X
                 	MOV  R26,R0
                 	SUBI R26,LOW(-@1)
                 	SBCI R27,HIGH(-@1)
                 	ST   X,R30
                 	.ENDM
                 
                 	.MACRO __PUTW1SNX
                 	MOVW R26,R28
                 	SUBI R26,LOW(-@0)
                 	SBCI R27,HIGH(-@0)
                 	LD   R0,X+
                 	LD   R27,X
                 	MOV  R26,R0
                 	SUBI R26,LOW(-@1)
                 	SBCI R27,HIGH(-@1)
                 	ST   X+,R30
                 	ST   X,R31
                 	.ENDM
                 
                 	.MACRO __PUTD1SNX
                 	MOVW R26,R28
                 	SUBI R26,LOW(-@0)
                 	SBCI R27,HIGH(-@0)
                 	LD   R0,X+
                 	LD   R27,X
                 	MOV  R26,R0
                 	SUBI R26,LOW(-@1)
                 	SBCI R27,HIGH(-@1)
                 	ST   X+,R30
                 	ST   X+,R31
                 	ST   X+,R22
                 	ST   X,R23
                 	.ENDM
                 
                 	.MACRO __MULBRR
                 	MULS R@0,R@1
                 	MOVW R30,R0
                 	.ENDM
                 
                 	.MACRO __MULBRRU
                 	MUL  R@0,R@1
                 	MOVW R30,R0
                 	.ENDM
                 
                 	.MACRO __MULBRR0
                 	MULS R@0,R@1
                 	.ENDM
                 
                 	.MACRO __MULBRRU0
                 	MUL  R@0,R@1
                 	.ENDM
                 
                 	.MACRO __MULBNWRU
                 	LDI  R26,@2
                 	MUL  R26,R@0
                 	MOVW R30,R0
                 	MUL  R26,R@1
                 	ADD  R31,R0
                 	.ENDM
                 
                 ;NAME DEFINITIONS FOR GLOBAL VARIABLES ALLOCATED TO REGISTERS
                 	.DEF _timerOverflowCounter=R4
                 	.DEF _timerOverflowCounter_msb=R5
                 	.DEF _xLenght=R6
                 	.DEF _xLenght_msb=R7
                 	.DEF _yLenght=R8
                 	.DEF _yLenght_msb=R9
                 	.DEF _characterPosition=R10
                 	.DEF _characterPosition_msb=R11
                 	.DEF __lcd_x=R13
                 	.DEF __lcd_y=R12
                 
                 	.CSEG
                 	.ORG 0x00
                 
                 ;START OF CODE MARKER
                 __START_OF_CODE:
                 
                 ;INTERRUPT VECTORS
000000 940c 003f 	JMP  __RESET
000002 940c 0000 	JMP  0x00
000004 940c 0000 	JMP  0x00
000006 940c 0000 	JMP  0x00
000008 940c 0000 	JMP  0x00
00000a 940c 0000 	JMP  0x00
00000c 940c 0000 	JMP  0x00
00000e 940c 0000 	JMP  0x00
000010 940c 0000 	JMP  0x00
000012 940c 006c 	JMP  _timer0_ovf_isr
000014 940c 0000 	JMP  0x00
000016 940c 0000 	JMP  0x00
000018 940c 0000 	JMP  0x00
00001a 940c 0000 	JMP  0x00
00001c 940c 0000 	JMP  0x00
00001e 940c 0000 	JMP  0x00
000020 940c 0000 	JMP  0x00
000022 940c 0000 	JMP  0x00
000024 940c 0000 	JMP  0x00
000026 940c 0000 	JMP  0x00
000028 940c 0000 	JMP  0x00
                 
                 _0x3:
00002a 6261
00002b 6463
00002c 6665
00002d 6867      	.DB  0x61,0x62,0x63,0x64,0x65,0x66,0x67,0x68
00002e 6a69
00002f 6c6b
000030 6e6d
000031 706f      	.DB  0x69,0x6A,0x6B,0x6C,0x6D,0x6E,0x6F,0x70
000032 7271
000033 7473
000034 7675
000035 7877      	.DB  0x71,0x72,0x73,0x74,0x75,0x76,0x77,0x78
000036 7a79      	.DB  0x79,0x7A
                 _0x2000003:
000037 c080      	.DB  0x80,0xC0
                 
                 __GLOBAL_INI_TBL:
000038 001a      	.DW  0x1A
000039 0160      	.DW  _characters
00003a 0054      	.DW  _0x3*2
                 
00003b 0002      	.DW  0x02
00003c 017a      	.DW  __base_y_G100
00003d 006e      	.DW  _0x2000003*2
                 
                 _0xFFFFFFFF:
00003e 0000      	.DW  0
                 
                 #define __GLOBAL_INI_TBL_PRESENT 1
                 
                 __RESET:
00003f 94f8      	CLI
000040 27ee      	CLR  R30
000041 bbec      	OUT  EECR,R30
                 
                 ;INTERRUPT VECTORS ARE PLACED
                 ;AT THE START OF FLASH
000042 e0f1      	LDI  R31,1
000043 bffb      	OUT  GICR,R31
000044 bfeb      	OUT  GICR,R30
000045 bfe5      	OUT  MCUCR,R30
                 
                 ;CLEAR R2-R14
000046 e08d      	LDI  R24,(14-2)+1
000047 e0a2      	LDI  R26,2
000048 27bb      	CLR  R27
                 __CLEAR_REG:
000049 93ed      	ST   X+,R30
00004a 958a      	DEC  R24
00004b f7e9      	BRNE __CLEAR_REG
                 
                 ;CLEAR SRAM
00004c e080      	LDI  R24,LOW(__CLEAR_SRAM_SIZE)
00004d e094      	LDI  R25,HIGH(__CLEAR_SRAM_SIZE)
00004e e6a0      	LDI  R26,__SRAM_START
                 __CLEAR_SRAM:
00004f 93ed      	ST   X+,R30
000050 9701      	SBIW R24,1
000051 f7e9      	BRNE __CLEAR_SRAM
                 
                 ;GLOBAL VARIABLES INITIALIZATION
000052 e7e0      	LDI  R30,LOW(__GLOBAL_INI_TBL*2)
000053 e0f0      	LDI  R31,HIGH(__GLOBAL_INI_TBL*2)
                 __GLOBAL_INI_NEXT:
000054 9185      	LPM  R24,Z+
000055 9195      	LPM  R25,Z+
000056 9700      	SBIW R24,0
000057 f061      	BREQ __GLOBAL_INI_END
000058 91a5      	LPM  R26,Z+
000059 91b5      	LPM  R27,Z+
00005a 9005      	LPM  R0,Z+
00005b 9015      	LPM  R1,Z+
00005c 01bf      	MOVW R22,R30
00005d 01f0      	MOVW R30,R0
                 __GLOBAL_INI_LOOP:
00005e 9005      	LPM  R0,Z+
00005f 920d      	ST   X+,R0
000060 9701      	SBIW R24,1
000061 f7e1      	BRNE __GLOBAL_INI_LOOP
000062 01fb      	MOVW R30,R22
000063 cff0      	RJMP __GLOBAL_INI_NEXT
                 __GLOBAL_INI_END:
                 
                 ;HARDWARE STACK POINTER INITIALIZATION
000064 e5ef      	LDI  R30,LOW(__SRAM_END-__HEAP_SIZE)
000065 bfed      	OUT  SPL,R30
000066 e0e4      	LDI  R30,HIGH(__SRAM_END-__HEAP_SIZE)
000067 bfee      	OUT  SPH,R30
                 
                 ;DATA STACK POINTER INITIALIZATION
000068 e6c0      	LDI  R28,LOW(__SRAM_START+__DSTACK_SIZE)
000069 e0d1      	LDI  R29,HIGH(__SRAM_START+__DSTACK_SIZE)
                 
00006a 940c 00b5 	JMP  _main
                 
                 	.ESEG
                 	.ORG 0
                 
                 	.DSEG
                 	.ORG 0x160
                 
                 	.CSEG
                 ;/*******************************************************
                 ;This program was created by the
                 ;CodeWizardAVR V3.12 Advanced
                 ;Automatic Program Generator
                 ;© Copyright 1998-2014 Pavel Haiduc, HP InfoTech s.r.l.
                 ;http://www.hpinfotech.com
                 ;
                 ;Project : Question 2 - task 3
                 ;Version :
                 ;Date    : 12/28/2020
                 ;Author  :  Sepehr rezaei - 962023012
                 ;Company :
                 ;Comments:
                 ;
                 ;
                 ;Chip type               : ATmega16
                 ;Program type            : Application
                 ;AVR Core Clock frequency: 8.000000 MHz
                 ;Memory model            : Small
                 ;External RAM size       : 0
                 ;Data Stack size         : 256
                 ;*******************************************************/
                 ;
                 ;#include <mega16.h>
                 	#ifndef __SLEEP_DEFINED__
                 	#define __SLEEP_DEFINED__
                 	.EQU __se_bit=0x40
                 	.EQU __sm_mask=0xB0
                 	.EQU __sm_powerdown=0x20
                 	.EQU __sm_powersave=0x30
                 	.EQU __sm_standby=0xA0
                 	.EQU __sm_ext_standby=0xB0
                 	.EQU __sm_adc_noise_red=0x10
                 	.SET power_ctrl_reg=mcucr
                 	#endif
                 ;#include <alcd.h>
                 ;
                 ;
                 ;int timerOverflowCounter;
                 ;int xLenght;
                 ;int yLenght;
                 ;int characterPosition;
                 ;
                 ;char characters[] = {'a','b','c','d','e','f','g','h','i','j','k','l','m','n','o','p','q','r','s','t','u','v','w','x','y' ...
                 
                 	.DSEG
                 ;
                 ;interrupt [TIM0_OVF] void timer0_ovf_isr(void)
                 ; 0000 0024 {
                 
                 	.CSEG
                 _timer0_ovf_isr:
                 ; .FSTART _timer0_ovf_isr
00006c 920a      	ST   -Y,R0
00006d 921a      	ST   -Y,R1
00006e 92fa      	ST   -Y,R15
00006f 936a      	ST   -Y,R22
000070 937a      	ST   -Y,R23
000071 938a      	ST   -Y,R24
000072 939a      	ST   -Y,R25
000073 93aa      	ST   -Y,R26
000074 93ba      	ST   -Y,R27
000075 93ea      	ST   -Y,R30
000076 93fa      	ST   -Y,R31
000077 b7ef      	IN   R30,SREG
000078 93ea      	ST   -Y,R30
                 ; 0000 0025       timerOverflowCounter++;
000079 01f2      	MOVW R30,R4
00007a 9631      	ADIW R30,1
00007b 012f      	MOVW R4,R30
                 ; 0000 0026       if (characterPosition < 26 ) {
00007c e1ea      	LDI  R30,LOW(26)
00007d e0f0      	LDI  R31,HIGH(26)
00007e 16ae      	CP   R10,R30
00007f 06bf      	CPC  R11,R31
000080 f50c      	BRGE _0x4
                 ; 0000 0027         if(timerOverflowCounter == 500 ){
000081 efe4      	LDI  R30,LOW(500)
000082 e0f1      	LDI  R31,HIGH(500)
000083 15e4      	CP   R30,R4
000084 05f5      	CPC  R31,R5
000085 f4d9      	BRNE _0x5
                 ; 0000 0028 
                 ; 0000 0029           lcd_putchar(characters[characterPosition]);
000086 e6a0      	LDI  R26,LOW(_characters)
000087 e0b1      	LDI  R27,HIGH(_characters)
000088 0daa      	ADD  R26,R10
000089 1dbb      	ADC  R27,R11
00008a 91ac      	LD   R26,X
00008b d077      	RCALL _lcd_putchar
                 ; 0000 002A           characterPosition += 1;
00008c 01f5      	MOVW R30,R10
00008d 9631      	ADIW R30,1
00008e 015f      	MOVW R10,R30
                 ; 0000 002B           //incress x position
                 ; 0000 002C           xLenght=xLenght+1;
00008f 01f3      	MOVW R30,R6
000090 9631      	ADIW R30,1
000091 013f      	MOVW R6,R30
                 ; 0000 002D 
                 ; 0000 002E           //check need to change line
                 ; 0000 002F           if(characterPosition==20){
000092 e1e4      	LDI  R30,LOW(20)
000093 e0f0      	LDI  R31,HIGH(20)
000094 15ea      	CP   R30,R10
000095 05fb      	CPC  R31,R11
000096 f429      	BRNE _0x6
                 ; 0000 0030             xLenght=0;
000097 2466      	CLR  R6
000098 2477      	CLR  R7
                 ; 0000 0031             yLenght=1;
000099 e0e1      	LDI  R30,LOW(1)
00009a e0f0      	LDI  R31,HIGH(1)
00009b 014f      	MOVW R8,R30
                 ; 0000 0032           }
                 ; 0000 0033 
                 ; 0000 0034           lcd_gotoxy(xLenght,yLenght);
                 _0x6:
00009c 926a      	ST   -Y,R6
00009d 2da8      	MOV  R26,R8
00009e d04d      	RCALL _lcd_gotoxy
                 ; 0000 0035           timerOverflowCounter=0;
00009f 2444      	CLR  R4
0000a0 2455      	CLR  R5
                 ; 0000 0036        }
                 ; 0000 0037       }else{
                 _0x5:
0000a1 c003      	RJMP _0x7
                 _0x4:
                 ; 0000 0038         TCCR0=0x00;
0000a2 e0e0      	LDI  R30,LOW(0)
0000a3 bfe3      	OUT  0x33,R30
                 ; 0000 0039         TIMSK=0x00;
0000a4 bfe9      	OUT  0x39,R30
                 ; 0000 003A       }
                 _0x7:
                 ; 0000 003B 
                 ; 0000 003C       TCNT0=0x00;
0000a5 e0e0      	LDI  R30,LOW(0)
0000a6 bfe2      	OUT  0x32,R30
                 ; 0000 003D }
0000a7 91e9      	LD   R30,Y+
0000a8 bfef      	OUT  SREG,R30
0000a9 91f9      	LD   R31,Y+
0000aa 91e9      	LD   R30,Y+
0000ab 91b9      	LD   R27,Y+
0000ac 91a9      	LD   R26,Y+
0000ad 9199      	LD   R25,Y+
0000ae 9189      	LD   R24,Y+
0000af 9179      	LD   R23,Y+
0000b0 9169      	LD   R22,Y+
0000b1 90f9      	LD   R15,Y+
0000b2 9019      	LD   R1,Y+
0000b3 9009      	LD   R0,Y+
0000b4 9518      	RETI
                 ; .FEND
                 ;
                 ;
                 ;void main(void)
                 ; 0000 0041 {
                 _main:
                 ; .FSTART _main
                 ; 0000 0042 
                 ; 0000 0043     DDRC=0x00;
0000b5 e0e0      	LDI  R30,LOW(0)
0000b6 bbe4      	OUT  0x14,R30
                 ; 0000 0044     PORTC=0x00;
0000b7 bbe5      	OUT  0x15,R30
                 ; 0000 0045 
                 ; 0000 0046     xLenght=0;
0000b8 2466      	CLR  R6
0000b9 2477      	CLR  R7
                 ; 0000 0047     yLenght=0;
0000ba 2488      	CLR  R8
0000bb 2499      	CLR  R9
                 ; 0000 0048     timerOverflowCounter=0;
0000bc 2444      	CLR  R4
0000bd 2455      	CLR  R5
                 ; 0000 0049     characterPosition=0;
0000be 24aa      	CLR  R10
0000bf 24bb      	CLR  R11
                 ; 0000 004A 
                 ; 0000 004B     TCCR0=0x01;
0000c0 e0e1      	LDI  R30,LOW(1)
0000c1 bfe3      	OUT  0x33,R30
                 ; 0000 004C     TCNT0=0x00;
0000c2 e0e0      	LDI  R30,LOW(0)
0000c3 bfe2      	OUT  0x32,R30
                 ; 0000 004D     OCR0=0x00;
0000c4 bfec      	OUT  0x3C,R30
                 ; 0000 004E     TIMSK=0x01;
0000c5 e0e1      	LDI  R30,LOW(1)
0000c6 bfe9      	OUT  0x39,R30
                 ; 0000 004F 
                 ; 0000 0050     lcd_init(20);
0000c7 e1a4      	LDI  R26,LOW(20)
0000c8 d050      	RCALL _lcd_init
                 ; 0000 0051     #asm("sei")
0000c9 9478      	sei
                 ; 0000 0052 
                 ; 0000 0053     while (1)
                 _0x8:
                 ; 0000 0054     {
                 ; 0000 0055     }
0000ca cfff      	RJMP _0x8
                 ; 0000 0056 
                 ; 0000 0057 
                 ; 0000 0058 }
                 _0xB:
0000cb cfff      	RJMP _0xB
                 ; .FEND
                 	#ifndef __SLEEP_DEFINED__
                 	#endif
                 
                 	.DSEG
                 
                 	.CSEG
                 __lcd_write_nibble_G100:
                 ; .FSTART __lcd_write_nibble_G100
0000cc 93aa      	ST   -Y,R26
0000cd b3e5      	IN   R30,0x15
0000ce 70ef      	ANDI R30,LOW(0xF)
0000cf 2fae      	MOV  R26,R30
0000d0 81e8      	LD   R30,Y
0000d1 7fe0      	ANDI R30,LOW(0xF0)
0000d2 2bea      	OR   R30,R26
0000d3 bbe5      	OUT  0x15,R30
                +
0000d4 e08d     +LDI R24 , LOW ( 13 )
                +__DELAY_USB_LOOP :
0000d5 958a     +DEC R24
0000d6 f7f1     +BRNE __DELAY_USB_LOOP
                 	__DELAY_USB 13
0000d7 9aaa      	SBI  0x15,2
                +
0000d8 e08d     +LDI R24 , LOW ( 13 )
                +__DELAY_USB_LOOP :
0000d9 958a     +DEC R24
0000da f7f1     +BRNE __DELAY_USB_LOOP
                 	__DELAY_USB 13
0000db 98aa      	CBI  0x15,2
                +
0000dc e08d     +LDI R24 , LOW ( 13 )
                +__DELAY_USB_LOOP :
0000dd 958a     +DEC R24
0000de f7f1     +BRNE __DELAY_USB_LOOP
                 	__DELAY_USB 13
0000df c063      	RJMP _0x2020001
                 ; .FEND
                 __lcd_write_data:
                 ; .FSTART __lcd_write_data
0000e0 93aa      	ST   -Y,R26
0000e1 81a8      	LD   R26,Y
0000e2 dfe9      	RCALL __lcd_write_nibble_G100
0000e3 81e8          ld    r30,y
0000e4 95e2          swap  r30
0000e5 83e8          st    y,r30
0000e6 81a8      	LD   R26,Y
0000e7 dfe4      	RCALL __lcd_write_nibble_G100
                +
0000e8 e885     +LDI R24 , LOW ( 133 )
                +__DELAY_USB_LOOP :
0000e9 958a     +DEC R24
0000ea f7f1     +BRNE __DELAY_USB_LOOP
                 	__DELAY_USB 133
0000eb c057      	RJMP _0x2020001
                 ; .FEND
                 _lcd_gotoxy:
                 ; .FSTART _lcd_gotoxy
0000ec 93aa      	ST   -Y,R26
0000ed 81e8      	LD   R30,Y
0000ee e0f0      	LDI  R31,0
0000ef 58e6      	SUBI R30,LOW(-__base_y_G100)
0000f0 4ffe      	SBCI R31,HIGH(-__base_y_G100)
0000f1 81e0      	LD   R30,Z
0000f2 81a9      	LDD  R26,Y+1
0000f3 0fae      	ADD  R26,R30
0000f4 dfeb      	RCALL __lcd_write_data
0000f5 80d9      	LDD  R13,Y+1
0000f6 80c8      	LDD  R12,Y+0
0000f7 9622      	ADIW R28,2
0000f8 9508      	RET
                 ; .FEND
                 _lcd_clear:
                 ; .FSTART _lcd_clear
0000f9 e0a2      	LDI  R26,LOW(2)
0000fa d04a      	RCALL SUBOPT_0x0
0000fb e0ac      	LDI  R26,LOW(12)
0000fc dfe3      	RCALL __lcd_write_data
0000fd e0a1      	LDI  R26,LOW(1)
0000fe d046      	RCALL SUBOPT_0x0
0000ff e0e0      	LDI  R30,LOW(0)
000100 2ece      	MOV  R12,R30
000101 2ede      	MOV  R13,R30
000102 9508      	RET
                 ; .FEND
                 _lcd_putchar:
                 ; .FSTART _lcd_putchar
000103 93aa      	ST   -Y,R26
000104 81a8      	LD   R26,Y
000105 30aa      	CPI  R26,LOW(0xA)
000106 f021      	BREQ _0x2000005
000107 91e0 017e 	LDS  R30,__lcd_maxx
000109 16de      	CP   R13,R30
00010a f040      	BRLO _0x2000004
                 _0x2000005:
00010b e0e0      	LDI  R30,LOW(0)
00010c 93ea      	ST   -Y,R30
00010d 94c3      	INC  R12
00010e 2dac      	MOV  R26,R12
00010f dfdc      	RCALL _lcd_gotoxy
000110 81a8      	LD   R26,Y
000111 30aa      	CPI  R26,LOW(0xA)
000112 f181      	BREQ _0x2020001
                 _0x2000004:
000113 94d3      	INC  R13
000114 9aa8      	SBI  0x15,0
000115 81a8      	LD   R26,Y
000116 dfc9      	RCALL __lcd_write_data
000117 98a8      	CBI  0x15,0
000118 c02a      	RJMP _0x2020001
                 ; .FEND
                 _lcd_init:
                 ; .FSTART _lcd_init
000119 93aa      	ST   -Y,R26
00011a b3e4      	IN   R30,0x14
00011b 6fe0      	ORI  R30,LOW(0xF0)
00011c bbe4      	OUT  0x14,R30
00011d 9aa2      	SBI  0x14,2
00011e 9aa0      	SBI  0x14,0
00011f 9aa1      	SBI  0x14,1
000120 98aa      	CBI  0x15,2
000121 98a8      	CBI  0x15,0
000122 98a9      	CBI  0x15,1
000123 81e8      	LD   R30,Y
000124 93e0 017e 	STS  __lcd_maxx,R30
000126 58e0      	SUBI R30,-LOW(128)
                +
000127 93e0 017c+STS __base_y_G100 + ( 2 ) , R30
                 	__PUTB1MN __base_y_G100,2
000129 81e8      	LD   R30,Y
00012a 54e0      	SUBI R30,-LOW(192)
                +
00012b 93e0 017d+STS __base_y_G100 + ( 3 ) , R30
                 	__PUTB1MN __base_y_G100,3
00012d e1a4      	LDI  R26,LOW(20)
00012e e0b0      	LDI  R27,0
00012f 940e 0151 	CALL _delay_ms
000131 d018      	RCALL SUBOPT_0x1
000132 d017      	RCALL SUBOPT_0x1
000133 d016      	RCALL SUBOPT_0x1
000134 e2a0      	LDI  R26,LOW(32)
000135 df96      	RCALL __lcd_write_nibble_G100
                +
000136 ec88     +LDI R24 , LOW ( 200 )
000137 e090     +LDI R25 , HIGH ( 200 )
                +__DELAY_USW_LOOP :
000138 9701     +SBIW R24 , 1
000139 f7f1     +BRNE __DELAY_USW_LOOP
                 	__DELAY_USW 200
00013a e2a8      	LDI  R26,LOW(40)
00013b dfa4      	RCALL __lcd_write_data
00013c e0a4      	LDI  R26,LOW(4)
00013d dfa2      	RCALL __lcd_write_data
00013e e8a5      	LDI  R26,LOW(133)
00013f dfa0      	RCALL __lcd_write_data
000140 e0a6      	LDI  R26,LOW(6)
000141 df9e      	RCALL __lcd_write_data
000142 dfb6      	RCALL _lcd_clear
                 _0x2020001:
000143 9621      	ADIW R28,1
000144 9508      	RET
                 ; .FEND
                 
                 	.DSEG
                 _characters:
000160           	.BYTE 0x1A
                 __base_y_G100:
00017a           	.BYTE 0x4
                 __lcd_maxx:
00017e           	.BYTE 0x1
                 
                 	.CSEG
                 ;OPTIMIZER ADDED SUBROUTINE, CALLED 2 TIMES, CODE SIZE REDUCTION:1 WORDS
                 SUBOPT_0x0:
000145 df9a      	RCALL __lcd_write_data
000146 e0a3      	LDI  R26,LOW(3)
000147 e0b0      	LDI  R27,0
000148 940c 0151 	JMP  _delay_ms
                 
                 ;OPTIMIZER ADDED SUBROUTINE, CALLED 3 TIMES, CODE SIZE REDUCTION:7 WORDS
                 SUBOPT_0x1:
00014a e3a0      	LDI  R26,LOW(48)
00014b df80      	RCALL __lcd_write_nibble_G100
                +
00014c ec88     +LDI R24 , LOW ( 200 )
00014d e090     +LDI R25 , HIGH ( 200 )
                +__DELAY_USW_LOOP :
00014e 9701     +SBIW R24 , 1
00014f f7f1     +BRNE __DELAY_USW_LOOP
                 	__DELAY_USW 200
000150 9508      	RET
                 
                 
                 	.CSEG
                 _delay_ms:
000151 9610      	adiw r26,0
000152 f039      	breq __delay_ms1
                 __delay_ms0:
                +
000153 ed80     +LDI R24 , LOW ( 0x7D0 )
000154 e097     +LDI R25 , HIGH ( 0x7D0 )
                +__DELAY_USW_LOOP :
000155 9701     +SBIW R24 , 1
000156 f7f1     +BRNE __DELAY_USW_LOOP
                 	__DELAY_USW 0x7D0
000157 95a8      	wdr
000158 9711      	sbiw r26,1
000159 f7c9      	brne __delay_ms0
                 __delay_ms1:
00015a 9508      	ret
                 
                 ;END OF CODE MARKER
                 __END_OF_CODE:


RESOURCE USE INFORMATION
------------------------

Notice:
The register and instruction counts are symbol table hit counts,
and hence implicitly used resources are not counted, eg, the
'lpm' instruction without operands implicitly uses r0 and z,
none of which are counted.

x,y,z are separate entities in the symbol table and are
counted separately from r26..r31 here.

.dseg memory usage only counts static data declared with .byte

ATmega16 register use summary:
r0 :   6 r1 :   3 r2 :   0 r3 :   0 r4 :   5 r5 :   3 r6 :   5 r7 :   2 
r8 :   3 r9 :   1 r10:   6 r11:   4 r12:   4 r13:   4 r14:   0 r15:   2 
r16:   0 r17:   0 r18:   0 r19:   0 r20:   0 r21:   0 r22:   4 r23:   2 
r24:  23 r25:   7 r26:  40 r27:   8 r28:   3 r29:   1 r30:  83 r31:  14 
x  :   4 y  :  45 z  :   8 
Registers used: 26 out of 35 (74.3%)

ATmega16 instruction use summary:
.lds  :   0 .lds.l:   0 .sts  :   0 .sts.l:   0 adc   :   1 add   :   2 
adiw  :   6 and   :   0 andi  :   2 asr   :   0 bclr  :   0 bld   :   0 
brbc  :   0 brbs  :   0 brcc  :   0 brcs  :   0 break :   0 breq  :   4 
brge  :   1 brhc  :   0 brhs  :   0 brid  :   0 brie  :   0 brlo  :   1 
brlt  :   0 brmi  :   0 brne  :  13 brpl  :   0 brsh  :   0 brtc  :   0 
brts  :   0 brvc  :   0 brvs  :   0 bset  :   0 bst   :   0 call  :   1 
cbi   :   5 cbr   :   0 clc   :   0 clh   :   0 cli   :   1 cln   :   0 
clr   :  14 cls   :   0 clt   :   0 clv   :   0 clz   :   0 com   :   0 
cp    :   4 cpc   :   3 cpi   :   2 cpse  :   0 dec   :   5 des   :   0 
eor   :   0 fmul  :   0 fmuls :   0 fmulsu:   0 icall :   0 ijmp  :   0 
in    :   3 inc   :   2 jmp   :  23 ld    :  24 ldd   :   3 ldi   :  55 
lds   :   1 lpm   :   7 lsl   :   0 lsr   :   0 mov   :   5 movw  :  10 
mul   :   0 muls  :   0 mulsu :   0 neg   :   0 nop   :   0 or    :   1 
ori   :   1 out   :  18 pop   :   0 push  :   0 rcall :  22 ret   :   5 
reti  :   1 rjmp  :   7 rol   :   0 ror   :   0 sbc   :   0 sbci  :   1 
sbi   :   5 sbic  :   0 sbis  :   0 sbiw  :   7 sbr   :   0 sbrc  :   0 
sbrs  :   0 sec   :   0 seh   :   0 sei   :   1 sen   :   0 ser   :   0 
ses   :   0 set   :   0 sev   :   0 sez   :   0 sleep :   0 spm   :   0 
st    :  23 std   :   0 sts   :   3 sub   :   0 subi  :   3 swap  :   1 
tst   :   0 wdr   :   1 
Instructions used: 42 out of 116 (36.2%)

ATmega16 memory use summary [bytes]:
Segment   Begin    End      Code   Data   Used    Size   Use%
---------------------------------------------------------------
[.cseg] 0x000000 0x0002b6    652     42    694   16384   4.2%
[.dseg] 0x000060 0x00017f      0     31     31    1024   3.0%
[.eseg] 0x000000 0x000000      0      0      0     512   0.0%

Assembly complete, 0 errors, 10 warnings
