
AVRASM ver. 2.1.30  Y:\Task2\task2\QuestionTwo\Source Code\Debug\List\QuestionTwoTask2_Code.asm Sun Dec 20 19:12:19 2020

Y:\Task2\task2\QuestionTwo\Source Code\Debug\List\QuestionTwoTask2_Code.asm(1088): warning: Register r4 already defined by the .DEF directive
Y:\Task2\task2\QuestionTwo\Source Code\Debug\List\QuestionTwoTask2_Code.asm(1089): warning: Register r5 already defined by the .DEF directive
Y:\Task2\task2\QuestionTwo\Source Code\Debug\List\QuestionTwoTask2_Code.asm(1090): warning: Register r6 already defined by the .DEF directive
Y:\Task2\task2\QuestionTwo\Source Code\Debug\List\QuestionTwoTask2_Code.asm(1091): warning: Register r7 already defined by the .DEF directive
Y:\Task2\task2\QuestionTwo\Source Code\Debug\List\QuestionTwoTask2_Code.asm(1092): warning: Register r8 already defined by the .DEF directive
Y:\Task2\task2\QuestionTwo\Source Code\Debug\List\QuestionTwoTask2_Code.asm(1093): warning: Register r9 already defined by the .DEF directive
Y:\Task2\task2\QuestionTwo\Source Code\Debug\List\QuestionTwoTask2_Code.asm(1094): warning: Register r10 already defined by the .DEF directive
Y:\Task2\task2\QuestionTwo\Source Code\Debug\List\QuestionTwoTask2_Code.asm(1095): warning: Register r11 already defined by the .DEF directive
Y:\Task2\task2\QuestionTwo\Source Code\Debug\List\QuestionTwoTask2_Code.asm(1096): warning: Register r12 already defined by the .DEF directive
Y:\Task2\task2\QuestionTwo\Source Code\Debug\List\QuestionTwoTask2_Code.asm(1097): warning: Register r13 already defined by the .DEF directive
                 
                 
                 ;CodeVisionAVR C Compiler V3.12 Advanced
                 ;(C) Copyright 1998-2014 Pavel Haiduc, HP InfoTech s.r.l.
                 ;http://www.hpinfotech.com
                 
                 ;Build configuration    : Debug
                 ;Chip type              : ATmega16
                 ;Program type           : Application
                 ;Clock frequency        : 8.000000 MHz
                 ;Memory model           : Small
                 ;Optimize for           : Size
                 ;(s)printf features     : int, width
                 ;(s)scanf features      : int, width
                 ;External RAM size      : 0
                 ;Data Stack size        : 256 byte(s)
                 ;Heap size              : 0 byte(s)
                 ;Promote 'char' to 'int': Yes
                 ;'char' is unsigned     : Yes
                 ;8 bit enums            : Yes
                 ;Global 'const' stored in FLASH: Yes
                 ;Enhanced function parameter passing: Yes
                 ;Enhanced core instructions: On
                 ;Automatic register allocation for global variables: On
                 ;Smart register allocation: On
                 
                 	#define _MODEL_SMALL_
                 
                 	#pragma AVRPART ADMIN PART_NAME ATmega16
                 	#pragma AVRPART MEMORY PROG_FLASH 16384
                 	#pragma AVRPART MEMORY EEPROM 512
                 	#pragma AVRPART MEMORY INT_SRAM SIZE 1024
                 	#pragma AVRPART MEMORY INT_SRAM START_ADDR 0x60
                 
                 	#define CALL_SUPPORTED 1
                 
                 	.LISTMAC
                 	.EQU UDRE=0x5
                 	.EQU RXC=0x7
                 	.EQU USR=0xB
                 	.EQU UDR=0xC
                 	.EQU SPSR=0xE
                 	.EQU SPDR=0xF
                 	.EQU EERE=0x0
                 	.EQU EEWE=0x1
                 	.EQU EEMWE=0x2
                 	.EQU EECR=0x1C
                 	.EQU EEDR=0x1D
                 	.EQU EEARL=0x1E
                 	.EQU EEARH=0x1F
                 	.EQU WDTCR=0x21
                 	.EQU MCUCR=0x35
                 	.EQU GICR=0x3B
                 	.EQU SPL=0x3D
                 	.EQU SPH=0x3E
                 	.EQU SREG=0x3F
                 
                 	.DEF R0X0=R0
                 	.DEF R0X1=R1
                 	.DEF R0X2=R2
                 	.DEF R0X3=R3
                 	.DEF R0X4=R4
                 	.DEF R0X5=R5
                 	.DEF R0X6=R6
                 	.DEF R0X7=R7
                 	.DEF R0X8=R8
                 	.DEF R0X9=R9
                 	.DEF R0XA=R10
                 	.DEF R0XB=R11
                 	.DEF R0XC=R12
                 	.DEF R0XD=R13
                 	.DEF R0XE=R14
                 	.DEF R0XF=R15
                 	.DEF R0X10=R16
                 	.DEF R0X11=R17
                 	.DEF R0X12=R18
                 	.DEF R0X13=R19
                 	.DEF R0X14=R20
                 	.DEF R0X15=R21
                 	.DEF R0X16=R22
                 	.DEF R0X17=R23
                 	.DEF R0X18=R24
                 	.DEF R0X19=R25
                 	.DEF R0X1A=R26
                 	.DEF R0X1B=R27
                 	.DEF R0X1C=R28
                 	.DEF R0X1D=R29
                 	.DEF R0X1E=R30
                 	.DEF R0X1F=R31
                 
                 	.EQU __SRAM_START=0x0060
                 	.EQU __SRAM_END=0x045F
                 	.EQU __DSTACK_SIZE=0x0100
                 	.EQU __HEAP_SIZE=0x0000
                 	.EQU __CLEAR_SRAM_SIZE=__SRAM_END-__SRAM_START+1
                 
                 	.MACRO __CPD1N
                 	CPI  R30,LOW(@0)
                 	LDI  R26,HIGH(@0)
                 	CPC  R31,R26
                 	LDI  R26,BYTE3(@0)
                 	CPC  R22,R26
                 	LDI  R26,BYTE4(@0)
                 	CPC  R23,R26
                 	.ENDM
                 
                 	.MACRO __CPD2N
                 	CPI  R26,LOW(@0)
                 	LDI  R30,HIGH(@0)
                 	CPC  R27,R30
                 	LDI  R30,BYTE3(@0)
                 	CPC  R24,R30
                 	LDI  R30,BYTE4(@0)
                 	CPC  R25,R30
                 	.ENDM
                 
                 	.MACRO __CPWRR
                 	CP   R@0,R@2
                 	CPC  R@1,R@3
                 	.ENDM
                 
                 	.MACRO __CPWRN
                 	CPI  R@0,LOW(@2)
                 	LDI  R30,HIGH(@2)
                 	CPC  R@1,R30
                 	.ENDM
                 
                 	.MACRO __ADDB1MN
                 	SUBI R30,LOW(-@0-(@1))
                 	.ENDM
                 
                 	.MACRO __ADDB2MN
                 	SUBI R26,LOW(-@0-(@1))
                 	.ENDM
                 
                 	.MACRO __ADDW1MN
                 	SUBI R30,LOW(-@0-(@1))
                 	SBCI R31,HIGH(-@0-(@1))
                 	.ENDM
                 
                 	.MACRO __ADDW2MN
                 	SUBI R26,LOW(-@0-(@1))
                 	SBCI R27,HIGH(-@0-(@1))
                 	.ENDM
                 
                 	.MACRO __ADDW1FN
                 	SUBI R30,LOW(-2*@0-(@1))
                 	SBCI R31,HIGH(-2*@0-(@1))
                 	.ENDM
                 
                 	.MACRO __ADDD1FN
                 	SUBI R30,LOW(-2*@0-(@1))
                 	SBCI R31,HIGH(-2*@0-(@1))
                 	SBCI R22,BYTE3(-2*@0-(@1))
                 	.ENDM
                 
                 	.MACRO __ADDD1N
                 	SUBI R30,LOW(-@0)
                 	SBCI R31,HIGH(-@0)
                 	SBCI R22,BYTE3(-@0)
                 	SBCI R23,BYTE4(-@0)
                 	.ENDM
                 
                 	.MACRO __ADDD2N
                 	SUBI R26,LOW(-@0)
                 	SBCI R27,HIGH(-@0)
                 	SBCI R24,BYTE3(-@0)
                 	SBCI R25,BYTE4(-@0)
                 	.ENDM
                 
                 	.MACRO __SUBD1N
                 	SUBI R30,LOW(@0)
                 	SBCI R31,HIGH(@0)
                 	SBCI R22,BYTE3(@0)
                 	SBCI R23,BYTE4(@0)
                 	.ENDM
                 
                 	.MACRO __SUBD2N
                 	SUBI R26,LOW(@0)
                 	SBCI R27,HIGH(@0)
                 	SBCI R24,BYTE3(@0)
                 	SBCI R25,BYTE4(@0)
                 	.ENDM
                 
                 	.MACRO __ANDBMNN
                 	LDS  R30,@0+(@1)
                 	ANDI R30,LOW(@2)
                 	STS  @0+(@1),R30
                 	.ENDM
                 
                 	.MACRO __ANDWMNN
                 	LDS  R30,@0+(@1)
                 	ANDI R30,LOW(@2)
                 	STS  @0+(@1),R30
                 	LDS  R30,@0+(@1)+1
                 	ANDI R30,HIGH(@2)
                 	STS  @0+(@1)+1,R30
                 	.ENDM
                 
                 	.MACRO __ANDD1N
                 	ANDI R30,LOW(@0)
                 	ANDI R31,HIGH(@0)
                 	ANDI R22,BYTE3(@0)
                 	ANDI R23,BYTE4(@0)
                 	.ENDM
                 
                 	.MACRO __ANDD2N
                 	ANDI R26,LOW(@0)
                 	ANDI R27,HIGH(@0)
                 	ANDI R24,BYTE3(@0)
                 	ANDI R25,BYTE4(@0)
                 	.ENDM
                 
                 	.MACRO __ORBMNN
                 	LDS  R30,@0+(@1)
                 	ORI  R30,LOW(@2)
                 	STS  @0+(@1),R30
                 	.ENDM
                 
                 	.MACRO __ORWMNN
                 	LDS  R30,@0+(@1)
                 	ORI  R30,LOW(@2)
                 	STS  @0+(@1),R30
                 	LDS  R30,@0+(@1)+1
                 	ORI  R30,HIGH(@2)
                 	STS  @0+(@1)+1,R30
                 	.ENDM
                 
                 	.MACRO __ORD1N
                 	ORI  R30,LOW(@0)
                 	ORI  R31,HIGH(@0)
                 	ORI  R22,BYTE3(@0)
                 	ORI  R23,BYTE4(@0)
                 	.ENDM
                 
                 	.MACRO __ORD2N
                 	ORI  R26,LOW(@0)
                 	ORI  R27,HIGH(@0)
                 	ORI  R24,BYTE3(@0)
                 	ORI  R25,BYTE4(@0)
                 	.ENDM
                 
                 	.MACRO __DELAY_USB
                 	LDI  R24,LOW(@0)
                 __DELAY_USB_LOOP:
                 	DEC  R24
                 	BRNE __DELAY_USB_LOOP
                 	.ENDM
                 
                 	.MACRO __DELAY_USW
                 	LDI  R24,LOW(@0)
                 	LDI  R25,HIGH(@0)
                 __DELAY_USW_LOOP:
                 	SBIW R24,1
                 	BRNE __DELAY_USW_LOOP
                 	.ENDM
                 
                 	.MACRO __GETD1S
                 	LDD  R30,Y+@0
                 	LDD  R31,Y+@0+1
                 	LDD  R22,Y+@0+2
                 	LDD  R23,Y+@0+3
                 	.ENDM
                 
                 	.MACRO __GETD2S
                 	LDD  R26,Y+@0
                 	LDD  R27,Y+@0+1
                 	LDD  R24,Y+@0+2
                 	LDD  R25,Y+@0+3
                 	.ENDM
                 
                 	.MACRO __PUTD1S
                 	STD  Y+@0,R30
                 	STD  Y+@0+1,R31
                 	STD  Y+@0+2,R22
                 	STD  Y+@0+3,R23
                 	.ENDM
                 
                 	.MACRO __PUTD2S
                 	STD  Y+@0,R26
                 	STD  Y+@0+1,R27
                 	STD  Y+@0+2,R24
                 	STD  Y+@0+3,R25
                 	.ENDM
                 
                 	.MACRO __PUTDZ2
                 	STD  Z+@0,R26
                 	STD  Z+@0+1,R27
                 	STD  Z+@0+2,R24
                 	STD  Z+@0+3,R25
                 	.ENDM
                 
                 	.MACRO __CLRD1S
                 	STD  Y+@0,R30
                 	STD  Y+@0+1,R30
                 	STD  Y+@0+2,R30
                 	STD  Y+@0+3,R30
                 	.ENDM
                 
                 	.MACRO __POINTB1MN
                 	LDI  R30,LOW(@0+(@1))
                 	.ENDM
                 
                 	.MACRO __POINTW1MN
                 	LDI  R30,LOW(@0+(@1))
                 	LDI  R31,HIGH(@0+(@1))
                 	.ENDM
                 
                 	.MACRO __POINTD1M
                 	LDI  R30,LOW(@0)
                 	LDI  R31,HIGH(@0)
                 	LDI  R22,BYTE3(@0)
                 	LDI  R23,BYTE4(@0)
                 	.ENDM
                 
                 	.MACRO __POINTW1FN
                 	LDI  R30,LOW(2*@0+(@1))
                 	LDI  R31,HIGH(2*@0+(@1))
                 	.ENDM
                 
                 	.MACRO __POINTD1FN
                 	LDI  R30,LOW(2*@0+(@1))
                 	LDI  R31,HIGH(2*@0+(@1))
                 	LDI  R22,BYTE3(2*@0+(@1))
                 	LDI  R23,BYTE4(2*@0+(@1))
                 	.ENDM
                 
                 	.MACRO __POINTB2MN
                 	LDI  R26,LOW(@0+(@1))
                 	.ENDM
                 
                 	.MACRO __POINTW2MN
                 	LDI  R26,LOW(@0+(@1))
                 	LDI  R27,HIGH(@0+(@1))
                 	.ENDM
                 
                 	.MACRO __POINTW2FN
                 	LDI  R26,LOW(2*@0+(@1))
                 	LDI  R27,HIGH(2*@0+(@1))
                 	.ENDM
                 
                 	.MACRO __POINTD2FN
                 	LDI  R26,LOW(2*@0+(@1))
                 	LDI  R27,HIGH(2*@0+(@1))
                 	LDI  R24,BYTE3(2*@0+(@1))
                 	LDI  R25,BYTE4(2*@0+(@1))
                 	.ENDM
                 
                 	.MACRO __POINTBRM
                 	LDI  R@0,LOW(@1)
                 	.ENDM
                 
                 	.MACRO __POINTWRM
                 	LDI  R@0,LOW(@2)
                 	LDI  R@1,HIGH(@2)
                 	.ENDM
                 
                 	.MACRO __POINTBRMN
                 	LDI  R@0,LOW(@1+(@2))
                 	.ENDM
                 
                 	.MACRO __POINTWRMN
                 	LDI  R@0,LOW(@2+(@3))
                 	LDI  R@1,HIGH(@2+(@3))
                 	.ENDM
                 
                 	.MACRO __POINTWRFN
                 	LDI  R@0,LOW(@2*2+(@3))
                 	LDI  R@1,HIGH(@2*2+(@3))
                 	.ENDM
                 
                 	.MACRO __GETD1N
                 	LDI  R30,LOW(@0)
                 	LDI  R31,HIGH(@0)
                 	LDI  R22,BYTE3(@0)
                 	LDI  R23,BYTE4(@0)
                 	.ENDM
                 
                 	.MACRO __GETD2N
                 	LDI  R26,LOW(@0)
                 	LDI  R27,HIGH(@0)
                 	LDI  R24,BYTE3(@0)
                 	LDI  R25,BYTE4(@0)
                 	.ENDM
                 
                 	.MACRO __GETB1MN
                 	LDS  R30,@0+(@1)
                 	.ENDM
                 
                 	.MACRO __GETB1HMN
                 	LDS  R31,@0+(@1)
                 	.ENDM
                 
                 	.MACRO __GETW1MN
                 	LDS  R30,@0+(@1)
                 	LDS  R31,@0+(@1)+1
                 	.ENDM
                 
                 	.MACRO __GETD1MN
                 	LDS  R30,@0+(@1)
                 	LDS  R31,@0+(@1)+1
                 	LDS  R22,@0+(@1)+2
                 	LDS  R23,@0+(@1)+3
                 	.ENDM
                 
                 	.MACRO __GETBRMN
                 	LDS  R@0,@1+(@2)
                 	.ENDM
                 
                 	.MACRO __GETWRMN
                 	LDS  R@0,@2+(@3)
                 	LDS  R@1,@2+(@3)+1
                 	.ENDM
                 
                 	.MACRO __GETWRZ
                 	LDD  R@0,Z+@2
                 	LDD  R@1,Z+@2+1
                 	.ENDM
                 
                 	.MACRO __GETD2Z
                 	LDD  R26,Z+@0
                 	LDD  R27,Z+@0+1
                 	LDD  R24,Z+@0+2
                 	LDD  R25,Z+@0+3
                 	.ENDM
                 
                 	.MACRO __GETB2MN
                 	LDS  R26,@0+(@1)
                 	.ENDM
                 
                 	.MACRO __GETW2MN
                 	LDS  R26,@0+(@1)
                 	LDS  R27,@0+(@1)+1
                 	.ENDM
                 
                 	.MACRO __GETD2MN
                 	LDS  R26,@0+(@1)
                 	LDS  R27,@0+(@1)+1
                 	LDS  R24,@0+(@1)+2
                 	LDS  R25,@0+(@1)+3
                 	.ENDM
                 
                 	.MACRO __PUTB1MN
                 	STS  @0+(@1),R30
                 	.ENDM
                 
                 	.MACRO __PUTW1MN
                 	STS  @0+(@1),R30
                 	STS  @0+(@1)+1,R31
                 	.ENDM
                 
                 	.MACRO __PUTD1MN
                 	STS  @0+(@1),R30
                 	STS  @0+(@1)+1,R31
                 	STS  @0+(@1)+2,R22
                 	STS  @0+(@1)+3,R23
                 	.ENDM
                 
                 	.MACRO __PUTB1EN
                 	LDI  R26,LOW(@0+(@1))
                 	LDI  R27,HIGH(@0+(@1))
                 	CALL __EEPROMWRB
                 	.ENDM
                 
                 	.MACRO __PUTW1EN
                 	LDI  R26,LOW(@0+(@1))
                 	LDI  R27,HIGH(@0+(@1))
                 	CALL __EEPROMWRW
                 	.ENDM
                 
                 	.MACRO __PUTD1EN
                 	LDI  R26,LOW(@0+(@1))
                 	LDI  R27,HIGH(@0+(@1))
                 	CALL __EEPROMWRD
                 	.ENDM
                 
                 	.MACRO __PUTBR0MN
                 	STS  @0+(@1),R0
                 	.ENDM
                 
                 	.MACRO __PUTBMRN
                 	STS  @0+(@1),R@2
                 	.ENDM
                 
                 	.MACRO __PUTWMRN
                 	STS  @0+(@1),R@2
                 	STS  @0+(@1)+1,R@3
                 	.ENDM
                 
                 	.MACRO __PUTBZR
                 	STD  Z+@1,R@0
                 	.ENDM
                 
                 	.MACRO __PUTWZR
                 	STD  Z+@2,R@0
                 	STD  Z+@2+1,R@1
                 	.ENDM
                 
                 	.MACRO __GETW1R
                 	MOV  R30,R@0
                 	MOV  R31,R@1
                 	.ENDM
                 
                 	.MACRO __GETW2R
                 	MOV  R26,R@0
                 	MOV  R27,R@1
                 	.ENDM
                 
                 	.MACRO __GETWRN
                 	LDI  R@0,LOW(@2)
                 	LDI  R@1,HIGH(@2)
                 	.ENDM
                 
                 	.MACRO __PUTW1R
                 	MOV  R@0,R30
                 	MOV  R@1,R31
                 	.ENDM
                 
                 	.MACRO __PUTW2R
                 	MOV  R@0,R26
                 	MOV  R@1,R27
                 	.ENDM
                 
                 	.MACRO __ADDWRN
                 	SUBI R@0,LOW(-@2)
                 	SBCI R@1,HIGH(-@2)
                 	.ENDM
                 
                 	.MACRO __ADDWRR
                 	ADD  R@0,R@2
                 	ADC  R@1,R@3
                 	.ENDM
                 
                 	.MACRO __SUBWRN
                 	SUBI R@0,LOW(@2)
                 	SBCI R@1,HIGH(@2)
                 	.ENDM
                 
                 	.MACRO __SUBWRR
                 	SUB  R@0,R@2
                 	SBC  R@1,R@3
                 	.ENDM
                 
                 	.MACRO __ANDWRN
                 	ANDI R@0,LOW(@2)
                 	ANDI R@1,HIGH(@2)
                 	.ENDM
                 
                 	.MACRO __ANDWRR
                 	AND  R@0,R@2
                 	AND  R@1,R@3
                 	.ENDM
                 
                 	.MACRO __ORWRN
                 	ORI  R@0,LOW(@2)
                 	ORI  R@1,HIGH(@2)
                 	.ENDM
                 
                 	.MACRO __ORWRR
                 	OR   R@0,R@2
                 	OR   R@1,R@3
                 	.ENDM
                 
                 	.MACRO __EORWRR
                 	EOR  R@0,R@2
                 	EOR  R@1,R@3
                 	.ENDM
                 
                 	.MACRO __GETWRS
                 	LDD  R@0,Y+@2
                 	LDD  R@1,Y+@2+1
                 	.ENDM
                 
                 	.MACRO __PUTBSR
                 	STD  Y+@1,R@0
                 	.ENDM
                 
                 	.MACRO __PUTWSR
                 	STD  Y+@2,R@0
                 	STD  Y+@2+1,R@1
                 	.ENDM
                 
                 	.MACRO __MOVEWRR
                 	MOV  R@0,R@2
                 	MOV  R@1,R@3
                 	.ENDM
                 
                 	.MACRO __INWR
                 	IN   R@0,@2
                 	IN   R@1,@2+1
                 	.ENDM
                 
                 	.MACRO __OUTWR
                 	OUT  @2+1,R@1
                 	OUT  @2,R@0
                 	.ENDM
                 
                 	.MACRO __CALL1MN
                 	LDS  R30,@0+(@1)
                 	LDS  R31,@0+(@1)+1
                 	ICALL
                 	.ENDM
                 
                 	.MACRO __CALL1FN
                 	LDI  R30,LOW(2*@0+(@1))
                 	LDI  R31,HIGH(2*@0+(@1))
                 	CALL __GETW1PF
                 	ICALL
                 	.ENDM
                 
                 	.MACRO __CALL2EN
                 	PUSH R26
                 	PUSH R27
                 	LDI  R26,LOW(@0+(@1))
                 	LDI  R27,HIGH(@0+(@1))
                 	CALL __EEPROMRDW
                 	POP  R27
                 	POP  R26
                 	ICALL
                 	.ENDM
                 
                 	.MACRO __CALL2EX
                 	SUBI R26,LOW(-@0)
                 	SBCI R27,HIGH(-@0)
                 	CALL __EEPROMRDD
                 	ICALL
                 	.ENDM
                 
                 	.MACRO __GETW1STACK
                 	IN   R30,SPL
                 	IN   R31,SPH
                 	ADIW R30,@0+1
                 	LD   R0,Z+
                 	LD   R31,Z
                 	MOV  R30,R0
                 	.ENDM
                 
                 	.MACRO __GETD1STACK
                 	IN   R30,SPL
                 	IN   R31,SPH
                 	ADIW R30,@0+1
                 	LD   R0,Z+
                 	LD   R1,Z+
                 	LD   R22,Z
                 	MOVW R30,R0
                 	.ENDM
                 
                 	.MACRO __NBST
                 	BST  R@0,@1
                 	IN   R30,SREG
                 	LDI  R31,0x40
                 	EOR  R30,R31
                 	OUT  SREG,R30
                 	.ENDM
                 
                 
                 	.MACRO __PUTB1SN
                 	LDD  R26,Y+@0
                 	LDD  R27,Y+@0+1
                 	SUBI R26,LOW(-@1)
                 	SBCI R27,HIGH(-@1)
                 	ST   X,R30
                 	.ENDM
                 
                 	.MACRO __PUTW1SN
                 	LDD  R26,Y+@0
                 	LDD  R27,Y+@0+1
                 	SUBI R26,LOW(-@1)
                 	SBCI R27,HIGH(-@1)
                 	ST   X+,R30
                 	ST   X,R31
                 	.ENDM
                 
                 	.MACRO __PUTD1SN
                 	LDD  R26,Y+@0
                 	LDD  R27,Y+@0+1
                 	SUBI R26,LOW(-@1)
                 	SBCI R27,HIGH(-@1)
                 	CALL __PUTDP1
                 	.ENDM
                 
                 	.MACRO __PUTB1SNS
                 	LDD  R26,Y+@0
                 	LDD  R27,Y+@0+1
                 	ADIW R26,@1
                 	ST   X,R30
                 	.ENDM
                 
                 	.MACRO __PUTW1SNS
                 	LDD  R26,Y+@0
                 	LDD  R27,Y+@0+1
                 	ADIW R26,@1
                 	ST   X+,R30
                 	ST   X,R31
                 	.ENDM
                 
                 	.MACRO __PUTD1SNS
                 	LDD  R26,Y+@0
                 	LDD  R27,Y+@0+1
                 	ADIW R26,@1
                 	CALL __PUTDP1
                 	.ENDM
                 
                 	.MACRO __PUTB1PMN
                 	LDS  R26,@0
                 	LDS  R27,@0+1
                 	SUBI R26,LOW(-@1)
                 	SBCI R27,HIGH(-@1)
                 	ST   X,R30
                 	.ENDM
                 
                 	.MACRO __PUTW1PMN
                 	LDS  R26,@0
                 	LDS  R27,@0+1
                 	SUBI R26,LOW(-@1)
                 	SBCI R27,HIGH(-@1)
                 	ST   X+,R30
                 	ST   X,R31
                 	.ENDM
                 
                 	.MACRO __PUTD1PMN
                 	LDS  R26,@0
                 	LDS  R27,@0+1
                 	SUBI R26,LOW(-@1)
                 	SBCI R27,HIGH(-@1)
                 	CALL __PUTDP1
                 	.ENDM
                 
                 	.MACRO __PUTB1PMNS
                 	LDS  R26,@0
                 	LDS  R27,@0+1
                 	ADIW R26,@1
                 	ST   X,R30
                 	.ENDM
                 
                 	.MACRO __PUTW1PMNS
                 	LDS  R26,@0
                 	LDS  R27,@0+1
                 	ADIW R26,@1
                 	ST   X+,R30
                 	ST   X,R31
                 	.ENDM
                 
                 	.MACRO __PUTD1PMNS
                 	LDS  R26,@0
                 	LDS  R27,@0+1
                 	ADIW R26,@1
                 	CALL __PUTDP1
                 	.ENDM
                 
                 	.MACRO __PUTB1RN
                 	MOVW R26,R@0
                 	SUBI R26,LOW(-@1)
                 	SBCI R27,HIGH(-@1)
                 	ST   X,R30
                 	.ENDM
                 
                 	.MACRO __PUTW1RN
                 	MOVW R26,R@0
                 	SUBI R26,LOW(-@1)
                 	SBCI R27,HIGH(-@1)
                 	ST   X+,R30
                 	ST   X,R31
                 	.ENDM
                 
                 	.MACRO __PUTD1RN
                 	MOVW R26,R@0
                 	SUBI R26,LOW(-@1)
                 	SBCI R27,HIGH(-@1)
                 	CALL __PUTDP1
                 	.ENDM
                 
                 	.MACRO __PUTB1RNS
                 	MOVW R26,R@0
                 	ADIW R26,@1
                 	ST   X,R30
                 	.ENDM
                 
                 	.MACRO __PUTW1RNS
                 	MOVW R26,R@0
                 	ADIW R26,@1
                 	ST   X+,R30
                 	ST   X,R31
                 	.ENDM
                 
                 	.MACRO __PUTD1RNS
                 	MOVW R26,R@0
                 	ADIW R26,@1
                 	CALL __PUTDP1
                 	.ENDM
                 
                 	.MACRO __PUTB1RON
                 	MOV  R26,R@0
                 	MOV  R27,R@1
                 	SUBI R26,LOW(-@2)
                 	SBCI R27,HIGH(-@2)
                 	ST   X,R30
                 	.ENDM
                 
                 	.MACRO __PUTW1RON
                 	MOV  R26,R@0
                 	MOV  R27,R@1
                 	SUBI R26,LOW(-@2)
                 	SBCI R27,HIGH(-@2)
                 	ST   X+,R30
                 	ST   X,R31
                 	.ENDM
                 
                 	.MACRO __PUTD1RON
                 	MOV  R26,R@0
                 	MOV  R27,R@1
                 	SUBI R26,LOW(-@2)
                 	SBCI R27,HIGH(-@2)
                 	CALL __PUTDP1
                 	.ENDM
                 
                 	.MACRO __PUTB1RONS
                 	MOV  R26,R@0
                 	MOV  R27,R@1
                 	ADIW R26,@2
                 	ST   X,R30
                 	.ENDM
                 
                 	.MACRO __PUTW1RONS
                 	MOV  R26,R@0
                 	MOV  R27,R@1
                 	ADIW R26,@2
                 	ST   X+,R30
                 	ST   X,R31
                 	.ENDM
                 
                 	.MACRO __PUTD1RONS
                 	MOV  R26,R@0
                 	MOV  R27,R@1
                 	ADIW R26,@2
                 	CALL __PUTDP1
                 	.ENDM
                 
                 
                 	.MACRO __GETB1SX
                 	MOVW R30,R28
                 	SUBI R30,LOW(-@0)
                 	SBCI R31,HIGH(-@0)
                 	LD   R30,Z
                 	.ENDM
                 
                 	.MACRO __GETB1HSX
                 	MOVW R30,R28
                 	SUBI R30,LOW(-@0)
                 	SBCI R31,HIGH(-@0)
                 	LD   R31,Z
                 	.ENDM
                 
                 	.MACRO __GETW1SX
                 	MOVW R30,R28
                 	SUBI R30,LOW(-@0)
                 	SBCI R31,HIGH(-@0)
                 	LD   R0,Z+
                 	LD   R31,Z
                 	MOV  R30,R0
                 	.ENDM
                 
                 	.MACRO __GETD1SX
                 	MOVW R30,R28
                 	SUBI R30,LOW(-@0)
                 	SBCI R31,HIGH(-@0)
                 	LD   R0,Z+
                 	LD   R1,Z+
                 	LD   R22,Z+
                 	LD   R23,Z
                 	MOVW R30,R0
                 	.ENDM
                 
                 	.MACRO __GETB2SX
                 	MOVW R26,R28
                 	SUBI R26,LOW(-@0)
                 	SBCI R27,HIGH(-@0)
                 	LD   R26,X
                 	.ENDM
                 
                 	.MACRO __GETW2SX
                 	MOVW R26,R28
                 	SUBI R26,LOW(-@0)
                 	SBCI R27,HIGH(-@0)
                 	LD   R0,X+
                 	LD   R27,X
                 	MOV  R26,R0
                 	.ENDM
                 
                 	.MACRO __GETD2SX
                 	MOVW R26,R28
                 	SUBI R26,LOW(-@0)
                 	SBCI R27,HIGH(-@0)
                 	LD   R0,X+
                 	LD   R1,X+
                 	LD   R24,X+
                 	LD   R25,X
                 	MOVW R26,R0
                 	.ENDM
                 
                 	.MACRO __GETBRSX
                 	MOVW R30,R28
                 	SUBI R30,LOW(-@1)
                 	SBCI R31,HIGH(-@1)
                 	LD   R@0,Z
                 	.ENDM
                 
                 	.MACRO __GETWRSX
                 	MOVW R30,R28
                 	SUBI R30,LOW(-@2)
                 	SBCI R31,HIGH(-@2)
                 	LD   R@0,Z+
                 	LD   R@1,Z
                 	.ENDM
                 
                 	.MACRO __GETBRSX2
                 	MOVW R26,R28
                 	SUBI R26,LOW(-@1)
                 	SBCI R27,HIGH(-@1)
                 	LD   R@0,X
                 	.ENDM
                 
                 	.MACRO __GETWRSX2
                 	MOVW R26,R28
                 	SUBI R26,LOW(-@2)
                 	SBCI R27,HIGH(-@2)
                 	LD   R@0,X+
                 	LD   R@1,X
                 	.ENDM
                 
                 	.MACRO __LSLW8SX
                 	MOVW R30,R28
                 	SUBI R30,LOW(-@0)
                 	SBCI R31,HIGH(-@0)
                 	LD   R31,Z
                 	CLR  R30
                 	.ENDM
                 
                 	.MACRO __PUTB1SX
                 	MOVW R26,R28
                 	SUBI R26,LOW(-@0)
                 	SBCI R27,HIGH(-@0)
                 	ST   X,R30
                 	.ENDM
                 
                 	.MACRO __PUTW1SX
                 	MOVW R26,R28
                 	SUBI R26,LOW(-@0)
                 	SBCI R27,HIGH(-@0)
                 	ST   X+,R30
                 	ST   X,R31
                 	.ENDM
                 
                 	.MACRO __PUTD1SX
                 	MOVW R26,R28
                 	SUBI R26,LOW(-@0)
                 	SBCI R27,HIGH(-@0)
                 	ST   X+,R30
                 	ST   X+,R31
                 	ST   X+,R22
                 	ST   X,R23
                 	.ENDM
                 
                 	.MACRO __CLRW1SX
                 	MOVW R26,R28
                 	SUBI R26,LOW(-@0)
                 	SBCI R27,HIGH(-@0)
                 	ST   X+,R30
                 	ST   X,R30
                 	.ENDM
                 
                 	.MACRO __CLRD1SX
                 	MOVW R26,R28
                 	SUBI R26,LOW(-@0)
                 	SBCI R27,HIGH(-@0)
                 	ST   X+,R30
                 	ST   X+,R30
                 	ST   X+,R30
                 	ST   X,R30
                 	.ENDM
                 
                 	.MACRO __PUTB2SX
                 	MOVW R30,R28
                 	SUBI R30,LOW(-@0)
                 	SBCI R31,HIGH(-@0)
                 	ST   Z,R26
                 	.ENDM
                 
                 	.MACRO __PUTW2SX
                 	MOVW R30,R28
                 	SUBI R30,LOW(-@0)
                 	SBCI R31,HIGH(-@0)
                 	ST   Z+,R26
                 	ST   Z,R27
                 	.ENDM
                 
                 	.MACRO __PUTD2SX
                 	MOVW R30,R28
                 	SUBI R30,LOW(-@0)
                 	SBCI R31,HIGH(-@0)
                 	ST   Z+,R26
                 	ST   Z+,R27
                 	ST   Z+,R24
                 	ST   Z,R25
                 	.ENDM
                 
                 	.MACRO __PUTBSRX
                 	MOVW R30,R28
                 	SUBI R30,LOW(-@1)
                 	SBCI R31,HIGH(-@1)
                 	ST   Z,R@0
                 	.ENDM
                 
                 	.MACRO __PUTWSRX
                 	MOVW R30,R28
                 	SUBI R30,LOW(-@2)
                 	SBCI R31,HIGH(-@2)
                 	ST   Z+,R@0
                 	ST   Z,R@1
                 	.ENDM
                 
                 	.MACRO __PUTB1SNX
                 	MOVW R26,R28
                 	SUBI R26,LOW(-@0)
                 	SBCI R27,HIGH(-@0)
                 	LD   R0,X+
                 	LD   R27,X
                 	MOV  R26,R0
                 	SUBI R26,LOW(-@1)
                 	SBCI R27,HIGH(-@1)
                 	ST   X,R30
                 	.ENDM
                 
                 	.MACRO __PUTW1SNX
                 	MOVW R26,R28
                 	SUBI R26,LOW(-@0)
                 	SBCI R27,HIGH(-@0)
                 	LD   R0,X+
                 	LD   R27,X
                 	MOV  R26,R0
                 	SUBI R26,LOW(-@1)
                 	SBCI R27,HIGH(-@1)
                 	ST   X+,R30
                 	ST   X,R31
                 	.ENDM
                 
                 	.MACRO __PUTD1SNX
                 	MOVW R26,R28
                 	SUBI R26,LOW(-@0)
                 	SBCI R27,HIGH(-@0)
                 	LD   R0,X+
                 	LD   R27,X
                 	MOV  R26,R0
                 	SUBI R26,LOW(-@1)
                 	SBCI R27,HIGH(-@1)
                 	ST   X+,R30
                 	ST   X+,R31
                 	ST   X+,R22
                 	ST   X,R23
                 	.ENDM
                 
                 	.MACRO __MULBRR
                 	MULS R@0,R@1
                 	MOVW R30,R0
                 	.ENDM
                 
                 	.MACRO __MULBRRU
                 	MUL  R@0,R@1
                 	MOVW R30,R0
                 	.ENDM
                 
                 	.MACRO __MULBRR0
                 	MULS R@0,R@1
                 	.ENDM
                 
                 	.MACRO __MULBRRU0
                 	MUL  R@0,R@1
                 	.ENDM
                 
                 	.MACRO __MULBNWRU
                 	LDI  R26,@2
                 	MUL  R26,R@0
                 	MOVW R30,R0
                 	MUL  R26,R@1
                 	ADD  R31,R0
                 	.ENDM
                 
                 ;NAME DEFINITIONS FOR GLOBAL VARIABLES ALLOCATED TO REGISTERS
                 	.DEF _timerZeroOverFlow=R4
                 	.DEF _timerZeroOverFlow_msb=R5
                 	.DEF _timerOneOverFlow=R6
                 	.DEF _timerOneOverFlow_msb=R7
                 	.DEF _portcTemp=R8
                 	.DEF _portcTemp_msb=R9
                 	.DEF _i=R10
                 	.DEF _i_msb=R11
                 	.DEF _lastestSevenSegmentInited=R12
                 	.DEF _lastestSevenSegmentInited_msb=R13
                 
                 	.CSEG
                 	.ORG 0x00
                 
                 ;START OF CODE MARKER
                 __START_OF_CODE:
                 
                 ;INTERRUPT VECTORS
000000 940c 0040 	JMP  __RESET
000002 940c 0000 	JMP  0x00
000004 940c 0000 	JMP  0x00
000006 940c 0000 	JMP  0x00
000008 940c 0000 	JMP  0x00
00000a 940c 0000 	JMP  0x00
00000c 940c 0000 	JMP  0x00
00000e 940c 0000 	JMP  0x00
000010 940c 00a0 	JMP  _timer1_ovf_isr
000012 940c 006d 	JMP  _timer0_ovf_isr
000014 940c 0000 	JMP  0x00
000016 940c 0000 	JMP  0x00
000018 940c 0000 	JMP  0x00
00001a 940c 0000 	JMP  0x00
00001c 940c 0000 	JMP  0x00
00001e 940c 0000 	JMP  0x00
000020 940c 0000 	JMP  0x00
000022 940c 0000 	JMP  0x00
000024 940c 0000 	JMP  0x00
000026 940c 0000 	JMP  0x00
000028 940c 0000 	JMP  0x00
                 
                 ;GLOBAL REGISTER VARIABLES INITIALIZATION
                 __REG_VARS:
00002a 0000
00002b 0000      	.DB  0x0,0x0,0x0,0x0
00002c 0000
00002d 0003      	.DB  0x0,0x0,0x3,0x0
00002e 0003      	.DB  0x3,0x0
                 
                 _0x3:
00002f 003f
000030 0006
000031 005b
000032 004f      	.DB  0x3F,0x0,0x6,0x0,0x5B,0x0,0x4F,0x0
000033 0066
000034 006d
000035 007d
000036 0007      	.DB  0x66,0x0,0x6D,0x0,0x7D,0x0,0x7,0x0
000037 007f
Y:\Task2\task2\QuestionTwo\Source Code\Debug\List\QuestionTwoTask2_Code.asm(1137): warning: .cseg .db misalignment - padding zero byte
000038 006f      	.DB  0x7F,0x0,0x6F
                 
                 __GLOBAL_INI_TBL:
000039 000a      	.DW  0x0A
00003a 0004      	.DW  0x04
00003b 0054      	.DW  __REG_VARS*2
                 
00003c 0013      	.DW  0x13
00003d 0160      	.DW  _nums
00003e 005e      	.DW  _0x3*2
                 
                 _0xFFFFFFFF:
00003f 0000      	.DW  0
                 
                 #define __GLOBAL_INI_TBL_PRESENT 1
                 
                 __RESET:
000040 94f8      	CLI
000041 27ee      	CLR  R30
000042 bbec      	OUT  EECR,R30
                 
                 ;INTERRUPT VECTORS ARE PLACED
                 ;AT THE START OF FLASH
000043 e0f1      	LDI  R31,1
000044 bffb      	OUT  GICR,R31
000045 bfeb      	OUT  GICR,R30
000046 bfe5      	OUT  MCUCR,R30
                 
                 ;CLEAR R2-R14
000047 e08d      	LDI  R24,(14-2)+1
000048 e0a2      	LDI  R26,2
000049 27bb      	CLR  R27
                 __CLEAR_REG:
00004a 93ed      	ST   X+,R30
00004b 958a      	DEC  R24
00004c f7e9      	BRNE __CLEAR_REG
                 
                 ;CLEAR SRAM
00004d e080      	LDI  R24,LOW(__CLEAR_SRAM_SIZE)
00004e e094      	LDI  R25,HIGH(__CLEAR_SRAM_SIZE)
00004f e6a0      	LDI  R26,__SRAM_START
                 __CLEAR_SRAM:
000050 93ed      	ST   X+,R30
000051 9701      	SBIW R24,1
000052 f7e9      	BRNE __CLEAR_SRAM
                 
                 ;GLOBAL VARIABLES INITIALIZATION
000053 e7e2      	LDI  R30,LOW(__GLOBAL_INI_TBL*2)
000054 e0f0      	LDI  R31,HIGH(__GLOBAL_INI_TBL*2)
                 __GLOBAL_INI_NEXT:
000055 9185      	LPM  R24,Z+
000056 9195      	LPM  R25,Z+
000057 9700      	SBIW R24,0
000058 f061      	BREQ __GLOBAL_INI_END
000059 91a5      	LPM  R26,Z+
00005a 91b5      	LPM  R27,Z+
00005b 9005      	LPM  R0,Z+
00005c 9015      	LPM  R1,Z+
00005d 01bf      	MOVW R22,R30
00005e 01f0      	MOVW R30,R0
                 __GLOBAL_INI_LOOP:
00005f 9005      	LPM  R0,Z+
000060 920d      	ST   X+,R0
000061 9701      	SBIW R24,1
000062 f7e1      	BRNE __GLOBAL_INI_LOOP
000063 01fb      	MOVW R30,R22
000064 cff0      	RJMP __GLOBAL_INI_NEXT
                 __GLOBAL_INI_END:
                 
                 ;HARDWARE STACK POINTER INITIALIZATION
000065 e5ef      	LDI  R30,LOW(__SRAM_END-__HEAP_SIZE)
000066 bfed      	OUT  SPL,R30
000067 e0e4      	LDI  R30,HIGH(__SRAM_END-__HEAP_SIZE)
000068 bfee      	OUT  SPH,R30
                 
                 ;DATA STACK POINTER INITIALIZATION
000069 e6c0      	LDI  R28,LOW(__SRAM_START+__DSTACK_SIZE)
00006a e0d1      	LDI  R29,HIGH(__SRAM_START+__DSTACK_SIZE)
                 
00006b 940c 00e1 	JMP  _main
                 
                 	.ESEG
                 	.ORG 0
                 
                 	.DSEG
                 	.ORG 0x160
                 
                 	.CSEG
                 ;/*******************************************************
                 ;This program was created by the
                 ;CodeWizardAVR V3.12 Advanced
                 ;Automatic Program Generator
                 ;© Copyright 1998-2014 Pavel Haiduc, HP InfoTech s.r.l.
                 ;http://www.hpinfotech.com
                 ;
                 ;Project : Task2 - Question 2
                 ;Version : 1
                 ;Date    : 12/19/2020
                 ;Author  : sepehr rezaei
                 ;Company : -
                 ;Comments: -
                 ;
                 ;
                 ;Chip type               : ATmega16
                 ;Program type            : Application
                 ;AVR Core Clock frequency: 8.000000 MHz
                 ;Memory model            : Small
                 ;External RAM size       : 0
                 ;Data Stack size         : 256
                 ;*******************************************************/
                 ;
                 ;
                 ;#include <mega16.h>
                 	#ifndef __SLEEP_DEFINED__
                 	#define __SLEEP_DEFINED__
                 	.EQU __se_bit=0x40
                 	.EQU __sm_mask=0xB0
                 	.EQU __sm_powerdown=0x20
                 	.EQU __sm_powersave=0x30
                 	.EQU __sm_standby=0xA0
                 	.EQU __sm_ext_standby=0xB0
                 	.EQU __sm_adc_noise_red=0x10
                 	.SET power_ctrl_reg=mcucr
                 	#endif
                 ;#include <delay.h>
                 ;
                 ;int nums[10] = {0b00111111 , 0b00000110 , 0b01011011 , 0b01001111 , 0b01100110 , 0b01101101 , 0b01111101 , 0b00000111 ,0 ...
                 
                 	.DSEG
                 ;int SevenSegmentNumbersArry[4] = {0,0,0,0}; // array for indecating which number is showing in 7 segments
                 ;
                 ;int timerZeroOverFlow =0; // timer 0 over flow counter int
                 ;int timerOneOverFlow =0; // timer 1 over flow counter int
                 ;int portcTemp; // template for doing maths and ...
                 ;int i = 3; // for going from top to bottom in array SevenSegmentNumbersArry
                 ;int lastestSevenSegmentInited = 3;  // can be 0, 1, 2, 3
                 ;
                 ;// Timer 0 overflow interrupt
                 ;interrupt [TIM0_OVF] void timer0_ovf_isr(void)
                 ; 0000 0027 {
                 
                 	.CSEG
                 _timer0_ovf_isr:
                 ; .FSTART _timer0_ovf_isr
00006d d08e      	RCALL SUBOPT_0x0
                 ; 0000 0028     timerZeroOverFlow++;
00006e 01f2      	MOVW R30,R4
00006f 9631      	ADIW R30,1
000070 012f      	MOVW R4,R30
                 ; 0000 0029     if(timerZeroOverFlow == 2){
000071 e0e2      	LDI  R30,LOW(2)
000072 e0f0      	LDI  R31,HIGH(2)
000073 15e4      	CP   R30,R4
000074 05f5      	CPC  R31,R5
000075 f539      	BRNE _0x4
                 ; 0000 002A 
                 ; 0000 002B            portcTemp = PORTC ^ 0b11111111;
000076 b3e5      	IN   R30,0x15
000077 efaf      	LDI  R26,LOW(255)
000078 27ea      	EOR  R30,R26
000079 2e8e      	MOV  R8,R30
00007a 2499      	CLR  R9
                 ; 0000 002C            PORTC = portcTemp ^ 0b11111111;
00007b efef      	LDI  R30,LOW(255)
00007c 25e8      	EOR  R30,R8
00007d bbe5      	OUT  0x15,R30
                 ; 0000 002D            portcTemp = portcTemp >> 1;
00007e 9495      	ASR  R9
00007f 9487      	ROR  R8
                 ; 0000 002E            if(portcTemp == 0){
000080 2c08      	MOV  R0,R8
000081 2809      	OR   R0,R9
000082 f419      	BRNE _0x5
                 ; 0000 002F             portcTemp = 8;
000083 e0e8      	LDI  R30,LOW(8)
000084 e0f0      	LDI  R31,HIGH(8)
000085 014f      	MOVW R8,R30
                 ; 0000 0030            }
                 ; 0000 0031            portcTemp = portcTemp ^ 0b11111111;
                 _0x5:
000086 efef      	LDI  R30,LOW(255)
000087 268e      	EOR  R8,R30
                 ; 0000 0032            PORTC = portcTemp;
000088 ba85      	OUT  0x15,R8
                 ; 0000 0033 
                 ; 0000 0034            PORTD = nums[SevenSegmentNumbersArry[lastestSevenSegmentInited]];
000089 01f6      	MOVW R30,R12
00008a d079      	RCALL SUBOPT_0x1
00008b e6a0      	LDI  R26,LOW(_nums)
00008c e0b1      	LDI  R27,HIGH(_nums)
00008d d07f      	RCALL SUBOPT_0x2
00008e 91ec      	LD   R30,X
00008f bbe2      	OUT  0x12,R30
                 ; 0000 0035            lastestSevenSegmentInited--;
000090 01f6      	MOVW R30,R12
000091 9731      	SBIW R30,1
000092 016f      	MOVW R12,R30
                 ; 0000 0036            if(lastestSevenSegmentInited == -1 ){
000093 efef      	LDI  R30,LOW(65535)
000094 efff      	LDI  R31,HIGH(65535)
000095 15ec      	CP   R30,R12
000096 05fd      	CPC  R31,R13
000097 f419      	BRNE _0x6
                 ; 0000 0037             lastestSevenSegmentInited = 3;
000098 e0e3      	LDI  R30,LOW(3)
000099 e0f0      	LDI  R31,HIGH(3)
00009a 016f      	MOVW R12,R30
                 ; 0000 0038            }
                 ; 0000 0039 
                 ; 0000 003A            timerZeroOverFlow=0;
                 _0x6:
00009b 2444      	CLR  R4
00009c 2455      	CLR  R5
                 ; 0000 003B     }
                 ; 0000 003C     TCNT0=0x00;
                 _0x4:
00009d e0e0      	LDI  R30,LOW(0)
00009e bfe2      	OUT  0x32,R30
                 ; 0000 003D }
00009f c039      	RJMP _0x10
                 ; .FEND
                 ;
                 ;// Timer1 overflow interrupt
                 ;interrupt [TIM1_OVF] void timer1_ovf_isr(void)
                 ; 0000 0041 {
                 _timer1_ovf_isr:
                 ; .FSTART _timer1_ovf_isr
0000a0 d05b      	RCALL SUBOPT_0x0
                 ; 0000 0042     timerOneOverFlow++;
0000a1 01f3      	MOVW R30,R6
0000a2 9631      	ADIW R30,1
0000a3 013f      	MOVW R6,R30
                 ; 0000 0043     if(timerOneOverFlow == 100){
0000a4 e6e4      	LDI  R30,LOW(100)
0000a5 e0f0      	LDI  R31,HIGH(100)
0000a6 15e6      	CP   R30,R6
0000a7 05f7      	CPC  R31,R7
0000a8 f561      	BRNE _0x7
                 ; 0000 0044         SevenSegmentNumbersArry[3]++;
                +
0000a9 e7aa     +LDI R26 , LOW ( _SevenSegmentNumbersArry + ( 6 ) )
0000aa e0b1     +LDI R27 , HIGH ( _SevenSegmentNumbersArry + ( 6 ) )
                 	__POINTW2MN _SevenSegmentNumbersArry,6
0000ab 91ed      	LD   R30,X+
0000ac 91fd      	LD   R31,X+
0000ad 9631      	ADIW R30,1
0000ae 93fe      	ST   -X,R31
0000af 93ee      	ST   -X,R30
                 ; 0000 0045         //check numbers to incress the counter (recorrect array of 7segs)
                 ; 0000 0046         while (i >= 0){
                 _0x8:
0000b0 2400      	CLR  R0
0000b1 14a0      	CP   R10,R0
0000b2 04b0      	CPC  R11,R0
0000b3 f0e4      	BRLT _0xA
                 ; 0000 0047             if( SevenSegmentNumbersArry[i] ==10){
0000b4 01f5      	MOVW R30,R10
0000b5 d04e      	RCALL SUBOPT_0x1
0000b6 30ea      	CPI  R30,LOW(0xA)
0000b7 e0a0      	LDI  R26,HIGH(0xA)
0000b8 07fa      	CPC  R31,R26
0000b9 f491      	BRNE _0xB
                 ; 0000 0048              SevenSegmentNumbersArry[i-1]++;
0000ba 01f5      	MOVW R30,R10
0000bb 9731      	SBIW R30,1
0000bc e7a4      	LDI  R26,LOW(_SevenSegmentNumbersArry)
0000bd e0b1      	LDI  R27,HIGH(_SevenSegmentNumbersArry)
0000be d04e      	RCALL SUBOPT_0x2
0000bf 91ed      	LD   R30,X+
0000c0 91fd      	LD   R31,X+
0000c1 9631      	ADIW R30,1
0000c2 93fe      	ST   -X,R31
0000c3 93ee      	ST   -X,R30
                 ; 0000 0049              SevenSegmentNumbersArry[i]=0;
0000c4 01f5      	MOVW R30,R10
0000c5 e7a4      	LDI  R26,LOW(_SevenSegmentNumbersArry)
0000c6 e0b1      	LDI  R27,HIGH(_SevenSegmentNumbersArry)
0000c7 d045      	RCALL SUBOPT_0x2
0000c8 e0e0      	LDI  R30,LOW(0)
0000c9 e0f0      	LDI  R31,HIGH(0)
0000ca 93ed      	ST   X+,R30
0000cb 93fc      	ST   X,R31
                 ; 0000 004A             }
                 ; 0000 004B             i--;
                 _0xB:
0000cc 01f5      	MOVW R30,R10
0000cd 9731      	SBIW R30,1
0000ce 015f      	MOVW R10,R30
                 ; 0000 004C         }
0000cf cfe0      	RJMP _0x8
                 _0xA:
                 ; 0000 004D         i=3;
0000d0 e0e3      	LDI  R30,LOW(3)
0000d1 e0f0      	LDI  R31,HIGH(3)
0000d2 015f      	MOVW R10,R30
                 ; 0000 004E         timerOneOverFlow=0;
0000d3 2466      	CLR  R6
0000d4 2477      	CLR  R7
                 ; 0000 004F     }
                 ; 0000 0050     TCNT1H=0xFF;
                 _0x7:
0000d5 efef      	LDI  R30,LOW(255)
0000d6 bded      	OUT  0x2D,R30
                 ; 0000 0051     TCNT1L=0xF0;
0000d7 efe0      	LDI  R30,LOW(240)
0000d8 bdec      	OUT  0x2C,R30
                 ; 0000 0052 }
                 _0x10:
0000d9 91e9      	LD   R30,Y+
0000da bfef      	OUT  SREG,R30
0000db 91f9      	LD   R31,Y+
0000dc 91e9      	LD   R30,Y+
0000dd 91b9      	LD   R27,Y+
0000de 91a9      	LD   R26,Y+
0000df 9009      	LD   R0,Y+
0000e0 9518      	RETI
                 ; .FEND
                 ;
                 ;
                 ;void main(void)
                 ; 0000 0056 {
                 _main:
                 ; .FSTART _main
                 ; 0000 0057 
                 ; 0000 0058 DDRD=0b11111111;
0000e1 efef      	LDI  R30,LOW(255)
0000e2 bbe1      	OUT  0x11,R30
                 ; 0000 0059 PORTD=0b00000000;
0000e3 e0e0      	LDI  R30,LOW(0)
0000e4 bbe2      	OUT  0x12,R30
                 ; 0000 005A DDRC=0b11111111;
0000e5 efef      	LDI  R30,LOW(255)
0000e6 bbe4      	OUT  0x14,R30
                 ; 0000 005B PORTC=0b11101111;
0000e7 eeef      	LDI  R30,LOW(239)
0000e8 bbe5      	OUT  0x15,R30
                 ; 0000 005C  // 0b00001000 = 8 decimal
                 ; 0000 005D 
                 ; 0000 005E 
                 ; 0000 005F // Timer(s)/Counter(s) Interrupt(s) initialization
                 ; 0000 0060 TIMSK=(0<<OCIE2) | (0<<TOIE2) | (0<<TICIE1) | (0<<OCIE1A) | (0<<OCIE1B) | (1<<TOIE1) | (0<<OCIE0) | (1<<TOIE0);
0000e9 e0e5      	LDI  R30,LOW(5)
0000ea bfe9      	OUT  0x39,R30
                 ; 0000 0061 
                 ; 0000 0062 
                 ; 0000 0063 // Timer/Counter 0 initialization
                 ; 0000 0064 // Clock source: System Clock
                 ; 0000 0065 // Clock value: 8000.000 kHz
                 ; 0000 0066 // Mode: Normal top=0xFF
                 ; 0000 0067 // OC0 output: Disconnected
                 ; 0000 0068 // Timer Period: 0.032 ms
                 ; 0000 0069 TCCR0=(0<<WGM00) | (0<<COM01) | (0<<COM00) | (0<<WGM01) | (1<<CS02) | (0<<CS01) | (1<<CS00);
0000eb bfe3      	OUT  0x33,R30
                 ; 0000 006A TCNT0=0x00;
0000ec e0e0      	LDI  R30,LOW(0)
0000ed bfe2      	OUT  0x32,R30
                 ; 0000 006B OCR0=0x00;
0000ee bfec      	OUT  0x3C,R30
                 ; 0000 006C 
                 ; 0000 006D 
                 ; 0000 006E 
                 ; 0000 006F // Timer/Counter 1 initialization
                 ; 0000 0070 // Clock source: System Clock
                 ; 0000 0071 // Clock value: 8000.000 kHz
                 ; 0000 0072 // Mode: Normal top=0xFFFF
                 ; 0000 0073 // OC1A output: Disconnected
                 ; 0000 0074 // OC1B output: Disconnected
                 ; 0000 0075 // Noise Canceler: Off
                 ; 0000 0076 // Input Capture on Falling Edge
                 ; 0000 0077 // Timer Period: 8.192 ms
                 ; 0000 0078 // Timer1 Overflow Interrupt: On
                 ; 0000 0079 // Input Capture Interrupt: Off
                 ; 0000 007A // Compare A Match Interrupt: Off
                 ; 0000 007B // Compare B Match Interrupt: Off
                 ; 0000 007C TCCR1A=(0<<COM1A1) | (0<<COM1A0) | (0<<COM1B1) | (0<<COM1B0) | (0<<WGM11) | (0<<WGM10);
0000ef bdef      	OUT  0x2F,R30
                 ; 0000 007D TCCR1B=(0<<ICNC1) | (0<<ICES1) | (0<<WGM13) | (0<<WGM12) | (1<<CS12) | (0<<CS11) | (1<<CS10);
0000f0 e0e5      	LDI  R30,LOW(5)
0000f1 bdee      	OUT  0x2E,R30
                 ; 0000 007E TCNT1H=0xFF;
0000f2 efef      	LDI  R30,LOW(255)
0000f3 bded      	OUT  0x2D,R30
                 ; 0000 007F TCNT1L=0xF0;
0000f4 efe0      	LDI  R30,LOW(240)
0000f5 bdec      	OUT  0x2C,R30
                 ; 0000 0080 
                 ; 0000 0081 
                 ; 0000 0082 
                 ; 0000 0083 // External Interrupt(s) initialization
                 ; 0000 0084 // INT0: Off
                 ; 0000 0085 // INT1: Off
                 ; 0000 0086 // INT2: Off
                 ; 0000 0087 MCUCR=(0<<ISC11) | (0<<ISC10) | (0<<ISC01) | (0<<ISC00);
0000f6 e0e0      	LDI  R30,LOW(0)
0000f7 bfe5      	OUT  0x35,R30
                 ; 0000 0088 MCUCSR=(0<<ISC2);
0000f8 bfe4      	OUT  0x34,R30
                 ; 0000 0089 
                 ; 0000 008A #asm("sei")
0000f9 9478      	sei
                 ; 0000 008B while (1)
                 _0xC:
                 ; 0000 008C       {
                 ; 0000 008D       // Place your code here
                 ; 0000 008E       }
0000fa cfff      	RJMP _0xC
                 ; 0000 008F }
                 _0xF:
0000fb cfff      	RJMP _0xF
                 ; .FEND
                 
                 	.DSEG
                 _nums:
000160           	.BYTE 0x14
                 _SevenSegmentNumbersArry:
000174           	.BYTE 0x8
                 
                 	.CSEG
                 ;OPTIMIZER ADDED SUBROUTINE, CALLED 2 TIMES, CODE SIZE REDUCTION:2 WORDS
                 SUBOPT_0x0:
0000fc 920a      	ST   -Y,R0
0000fd 93aa      	ST   -Y,R26
0000fe 93ba      	ST   -Y,R27
0000ff 93ea      	ST   -Y,R30
000100 93fa      	ST   -Y,R31
000101 b7ef      	IN   R30,SREG
000102 93ea      	ST   -Y,R30
000103 9508      	RET
                 
                 ;OPTIMIZER ADDED SUBROUTINE, CALLED 2 TIMES, CODE SIZE REDUCTION:3 WORDS
                 SUBOPT_0x1:
000104 e7a4      	LDI  R26,LOW(_SevenSegmentNumbersArry)
000105 e0b1      	LDI  R27,HIGH(_SevenSegmentNumbersArry)
000106 0fee      	LSL  R30
000107 1fff      	ROL  R31
000108 0fae      	ADD  R26,R30
000109 1fbf      	ADC  R27,R31
00010a 940e 0112 	CALL __GETW1P
00010c 9508      	RET
                 
                 ;OPTIMIZER ADDED SUBROUTINE, CALLED 3 TIMES, CODE SIZE REDUCTION:1 WORDS
                 SUBOPT_0x2:
00010d 0fee      	LSL  R30
00010e 1fff      	ROL  R31
00010f 0fae      	ADD  R26,R30
000110 1fbf      	ADC  R27,R31
000111 9508      	RET
                 
                 
                 	.CSEG
                 __GETW1P:
000112 91ed      	LD   R30,X+
000113 91fc      	LD   R31,X
000114 9711      	SBIW R26,1
000115 9508      	RET
                 
                 ;END OF CODE MARKER
                 __END_OF_CODE:


RESOURCE USE INFORMATION
------------------------

Notice:
The register and instruction counts are symbol table hit counts,
and hence implicitly used resources are not counted, eg, the
'lpm' instruction without operands implicitly uses r0 and z,
none of which are counted.

x,y,z are separate entities in the symbol table and are
counted separately from r26..r31 here.

.dseg memory usage only counts static data declared with .byte

ATmega16 register use summary:
r0 :  11 r1 :   1 r2 :   0 r3 :   0 r4 :   4 r5 :   2 r6 :   4 r7 :   2 
r8 :   7 r9 :   3 r10:   7 r11:   1 r12:   5 r13:   1 r14:   0 r15:   0 
r16:   0 r17:   0 r18:   0 r19:   0 r20:   0 r21:   0 r22:   2 r23:   0 
r24:   7 r25:   2 r26:  17 r27:  11 r28:   1 r29:   1 r30: 103 r31:  26 
x  :  16 y  :  12 z  :   7 
Registers used: 24 out of 35 (68.6%)

ATmega16 instruction use summary:
.lds  :   0 .lds.l:   0 .sts  :   0 .sts.l:   0 adc   :   2 add   :   2 
adiw  :   4 and   :   0 andi  :   0 asr   :   1 bclr  :   0 bld   :   0 
brbc  :   0 brbs  :   0 brcc  :   0 brcs  :   0 break :   0 breq  :   1 
brge  :   0 brhc  :   0 brhs  :   0 brid  :   0 brie  :   0 brlo  :   0 
brlt  :   1 brmi  :   0 brne  :   8 brpl  :   0 brsh  :   0 brtc  :   0 
brts  :   0 brvc  :   0 brvs  :   0 bset  :   0 bst   :   0 call  :   1 
cbi   :   0 cbr   :   0 clc   :   0 clh   :   0 cli   :   1 cln   :   0 
clr   :   8 cls   :   0 clt   :   0 clv   :   0 clz   :   0 com   :   0 
cp    :   4 cpc   :   5 cpi   :   1 cpse  :   0 dec   :   1 des   :   0 
eor   :   3 fmul  :   0 fmuls :   0 fmulsu:   0 icall :   0 ijmp  :   0 
in    :   2 inc   :   0 jmp   :  22 ld    :  13 ldd   :   0 ldi   :  53 
lds   :   0 lpm   :   7 lsl   :   2 lsr   :   0 mov   :   2 movw  :  18 
mul   :   0 muls  :   0 mulsu :   0 neg   :   0 nop   :   0 or    :   1 
ori   :   0 out   :  27 pop   :   0 push  :   0 rcall :   7 ret   :   4 
reti  :   1 rjmp  :   5 rol   :   2 ror   :   1 sbc   :   0 sbci  :   0 
sbi   :   0 sbic  :   0 sbis  :   0 sbiw  :   7 sbr   :   0 sbrc  :   0 
sbrs  :   0 sec   :   0 seh   :   0 sei   :   1 sen   :   0 ser   :   0 
ses   :   0 set   :   0 sev   :   0 sez   :   0 sleep :   0 spm   :   0 
st    :  15 std   :   0 sts   :   0 sub   :   0 subi  :   0 swap  :   0 
tst   :   0 wdr   :   0 
Instructions used: 34 out of 116 (29.3%)

ATmega16 memory use summary [bytes]:
Segment   Begin    End      Code   Data   Used    Size   Use%
---------------------------------------------------------------
[.cseg] 0x000000 0x00022c    512     44    556   16384   3.4%
[.dseg] 0x000060 0x00017c      0     28     28    1024   2.7%
[.eseg] 0x000000 0x000000      0      0      0     512   0.0%

Assembly complete, 0 errors, 11 warnings
